{"/Volumes/madara/2026/Coproperty/dashboard-0.1/workers/src/index.ts": {"path":"/Volumes/madara/2026/Coproperty/dashboard-0.1/workers/src/index.ts","statementMap":{"0":{"start":{"line":20,"column":12},"end":{"line":20,"column":null}},"1":{"start":{"line":23,"column":0},"end":{"line":27,"column":null}},"2":{"start":{"line":30,"column":0},"end":{"line":36,"column":null}},"3":{"start":{"line":31,"column":4},"end":{"line":35,"column":null}},"4":{"start":{"line":39,"column":0},"end":{"line":41,"column":null}},"5":{"start":{"line":40,"column":4},"end":{"line":40,"column":null}},"6":{"start":{"line":44,"column":0},"end":{"line":44,"column":null}},"7":{"start":{"line":45,"column":0},"end":{"line":45,"column":null}},"8":{"start":{"line":46,"column":0},"end":{"line":46,"column":null}},"9":{"start":{"line":47,"column":0},"end":{"line":47,"column":null}},"10":{"start":{"line":48,"column":0},"end":{"line":48,"column":null}},"11":{"start":{"line":49,"column":0},"end":{"line":49,"column":null}},"12":{"start":{"line":52,"column":0},"end":{"line":54,"column":null}},"13":{"start":{"line":53,"column":4},"end":{"line":53,"column":null}},"14":{"start":{"line":57,"column":0},"end":{"line":60,"column":null}},"15":{"start":{"line":58,"column":4},"end":{"line":58,"column":null}},"16":{"start":{"line":59,"column":4},"end":{"line":59,"column":null}}},"fnMap":{"0":{"name":"(anonymous_0)","decl":{"start":{"line":30,"column":23},"end":{"line":30,"column":24}},"loc":{"start":{"line":30,"column":30},"end":{"line":36,"column":1}},"line":30},"1":{"name":"(anonymous_1)","decl":{"start":{"line":39,"column":44},"end":{"line":39,"column":45}},"loc":{"start":{"line":39,"column":51},"end":{"line":41,"column":1}},"line":39},"2":{"name":"(anonymous_2)","decl":{"start":{"line":52,"column":13},"end":{"line":52,"column":14}},"loc":{"start":{"line":52,"column":20},"end":{"line":54,"column":1}},"line":52},"3":{"name":"(anonymous_3)","decl":{"start":{"line":57,"column":12},"end":{"line":57,"column":13}},"loc":{"start":{"line":57,"column":24},"end":{"line":60,"column":1}},"line":57}},"branchMap":{},"s":{"0":6,"1":6,"2":6,"3":6,"4":6,"5":1,"6":6,"7":6,"8":6,"9":6,"10":6,"11":6,"12":6,"13":2,"14":6,"15":0,"16":0},"f":{"0":6,"1":1,"2":2,"3":0},"b":{},"meta":{"lastBranch":0,"lastFunction":4,"lastStatement":17,"seen":{"s:20:12:20:Infinity":0,"s:23:0:27:Infinity":1,"s:30:0:36:Infinity":2,"f:30:23:30:24":0,"s:31:4:35:Infinity":3,"s:39:0:41:Infinity":4,"f:39:44:39:45":1,"s:40:4:40:Infinity":5,"s:44:0:44:Infinity":6,"s:45:0:45:Infinity":7,"s:46:0:46:Infinity":8,"s:47:0:47:Infinity":9,"s:48:0:48:Infinity":10,"s:49:0:49:Infinity":11,"s:52:0:54:Infinity":12,"f:52:13:52:14":2,"s:53:4:53:Infinity":13,"s:57:0:60:Infinity":14,"f:57:12:57:13":3,"s:58:4:58:Infinity":15,"s:59:4:59:Infinity":16}}}
,"/Volumes/madara/2026/Coproperty/dashboard-0.1/workers/src/middleware/auth.ts": {"path":"/Volumes/madara/2026/Coproperty/dashboard-0.1/workers/src/middleware/auth.ts","statementMap":{"0":{"start":{"line":8,"column":30},"end":{"line":30,"column":null}},"1":{"start":{"line":13,"column":4},"end":{"line":15,"column":null}},"2":{"start":{"line":14,"column":8},"end":{"line":14,"column":null}},"3":{"start":{"line":17,"column":23},"end":{"line":17,"column":null}},"4":{"start":{"line":19,"column":4},"end":{"line":21,"column":null}},"5":{"start":{"line":20,"column":8},"end":{"line":20,"column":null}},"6":{"start":{"line":23,"column":19},"end":{"line":23,"column":null}},"7":{"start":{"line":25,"column":4},"end":{"line":27,"column":null}},"8":{"start":{"line":26,"column":8},"end":{"line":26,"column":null}},"9":{"start":{"line":29,"column":4},"end":{"line":29,"column":null}}},"fnMap":{"0":{"name":"(anonymous_0)","decl":{"start":{"line":8,"column":30},"end":{"line":8,"column":null}},"loc":{"start":{"line":11,"column":5},"end":{"line":30,"column":null}},"line":11}},"branchMap":{"0":{"loc":{"start":{"line":13,"column":4},"end":{"line":15,"column":null}},"type":"if","locations":[{"start":{"line":13,"column":4},"end":{"line":15,"column":null}},{"start":{},"end":{}}],"line":13},"1":{"loc":{"start":{"line":19,"column":4},"end":{"line":21,"column":null}},"type":"if","locations":[{"start":{"line":19,"column":4},"end":{"line":21,"column":null}},{"start":{},"end":{}}],"line":19},"2":{"loc":{"start":{"line":25,"column":4},"end":{"line":27,"column":null}},"type":"if","locations":[{"start":{"line":25,"column":4},"end":{"line":27,"column":null}},{"start":{},"end":{}}],"line":25},"3":{"loc":{"start":{"line":25,"column":8},"end":{"line":25,"column":45}},"type":"binary-expr","locations":[{"start":{"line":25,"column":8},"end":{"line":25,"column":19}},{"start":{"line":25,"column":19},"end":{"line":25,"column":45}}],"line":25}},"s":{"0":7,"1":156,"2":2,"3":154,"4":154,"5":39,"6":115,"7":115,"8":6,"9":109},"f":{"0":156},"b":{"0":[2,154],"1":[39,115],"2":[6,109],"3":[115,115]},"meta":{"lastBranch":4,"lastFunction":1,"lastStatement":10,"seen":{"s:8:30:30:Infinity":0,"f:8:30:8:Infinity":0,"b:13:4:15:Infinity:undefined:undefined:undefined:undefined":0,"s:13:4:15:Infinity":1,"s:14:8:14:Infinity":2,"s:17:23:17:Infinity":3,"b:19:4:21:Infinity:undefined:undefined:undefined:undefined":1,"s:19:4:21:Infinity":4,"s:20:8:20:Infinity":5,"s:23:19:23:Infinity":6,"b:25:4:27:Infinity:undefined:undefined:undefined:undefined":2,"s:25:4:27:Infinity":7,"b:25:8:25:19:25:19:25:45":3,"s:26:8:26:Infinity":8,"s:29:4:29:Infinity":9}}}
,"/Volumes/madara/2026/Coproperty/dashboard-0.1/workers/src/routes/cleaning.ts": {"path":"/Volumes/madara/2026/Coproperty/dashboard-0.1/workers/src/routes/cleaning.ts","statementMap":{"0":{"start":{"line":5,"column":17},"end":{"line":5,"column":null}},"1":{"start":{"line":8,"column":0},"end":{"line":25,"column":null}},"2":{"start":{"line":9,"column":20},"end":{"line":9,"column":null}},"3":{"start":{"line":10,"column":17},"end":{"line":10,"column":null}},"4":{"start":{"line":11,"column":23},"end":{"line":11,"column":null}},"5":{"start":{"line":12,"column":19},"end":{"line":12,"column":null}},"6":{"start":{"line":14,"column":4},"end":{"line":24,"column":null}},"7":{"start":{"line":15,"column":21},"end":{"line":19,"column":null}},"8":{"start":{"line":20,"column":8},"end":{"line":20,"column":null}},"9":{"start":{"line":22,"column":8},"end":{"line":22,"column":null}},"10":{"start":{"line":23,"column":8},"end":{"line":23,"column":null}},"11":{"start":{"line":28,"column":0},"end":{"line":42,"column":null}},"12":{"start":{"line":29,"column":15},"end":{"line":29,"column":null}},"13":{"start":{"line":30,"column":20},"end":{"line":30,"column":null}},"14":{"start":{"line":32,"column":4},"end":{"line":41,"column":null}},"15":{"start":{"line":33,"column":21},"end":{"line":33,"column":null}},"16":{"start":{"line":34,"column":8},"end":{"line":36,"column":null}},"17":{"start":{"line":35,"column":12},"end":{"line":35,"column":null}},"18":{"start":{"line":37,"column":8},"end":{"line":37,"column":null}},"19":{"start":{"line":39,"column":8},"end":{"line":39,"column":null}},"20":{"start":{"line":40,"column":8},"end":{"line":40,"column":null}},"21":{"start":{"line":45,"column":0},"end":{"line":71,"column":null}},"22":{"start":{"line":46,"column":15},"end":{"line":46,"column":null}},"23":{"start":{"line":47,"column":20},"end":{"line":47,"column":null}},"24":{"start":{"line":49,"column":4},"end":{"line":70,"column":null}},"25":{"start":{"line":50,"column":21},"end":{"line":50,"column":null}},"26":{"start":{"line":52,"column":8},"end":{"line":54,"column":null}},"27":{"start":{"line":53,"column":12},"end":{"line":53,"column":null}},"28":{"start":{"line":56,"column":30},"end":{"line":56,"column":null}},"29":{"start":{"line":57,"column":8},"end":{"line":59,"column":null}},"30":{"start":{"line":58,"column":12},"end":{"line":58,"column":null}},"31":{"start":{"line":61,"column":21},"end":{"line":61,"column":null}},"32":{"start":{"line":62,"column":8},"end":{"line":64,"column":null}},"33":{"start":{"line":63,"column":12},"end":{"line":63,"column":null}},"34":{"start":{"line":66,"column":8},"end":{"line":66,"column":null}},"35":{"start":{"line":68,"column":8},"end":{"line":68,"column":null}},"36":{"start":{"line":69,"column":8},"end":{"line":69,"column":null}}},"fnMap":{"0":{"name":"(anonymous_0)","decl":{"start":{"line":8,"column":18},"end":{"line":8,"column":25}},"loc":{"start":{"line":8,"column":31},"end":{"line":25,"column":1}},"line":8},"1":{"name":"(anonymous_1)","decl":{"start":{"line":28,"column":21},"end":{"line":28,"column":28}},"loc":{"start":{"line":28,"column":34},"end":{"line":42,"column":1}},"line":28},"2":{"name":"(anonymous_2)","decl":{"start":{"line":45,"column":30},"end":{"line":45,"column":37}},"loc":{"start":{"line":45,"column":43},"end":{"line":71,"column":1}},"line":45}},"branchMap":{"0":{"loc":{"start":{"line":16,"column":18},"end":{"line":16,"column":null}},"type":"binary-expr","locations":[{"start":{"line":16,"column":18},"end":{"line":16,"column":26}},{"start":{"line":16,"column":26},"end":{"line":16,"column":null}}],"line":16},"1":{"loc":{"start":{"line":17,"column":25},"end":{"line":17,"column":null}},"type":"binary-expr","locations":[{"start":{"line":17,"column":25},"end":{"line":17,"column":39}},{"start":{"line":17,"column":39},"end":{"line":17,"column":null}}],"line":17},"2":{"loc":{"start":{"line":18,"column":20},"end":{"line":18,"column":null}},"type":"binary-expr","locations":[{"start":{"line":18,"column":20},"end":{"line":18,"column":30}},{"start":{"line":18,"column":30},"end":{"line":18,"column":null}}],"line":18},"3":{"loc":{"start":{"line":34,"column":8},"end":{"line":36,"column":null}},"type":"if","locations":[{"start":{"line":34,"column":8},"end":{"line":36,"column":null}},{"start":{},"end":{}}],"line":34},"4":{"loc":{"start":{"line":52,"column":8},"end":{"line":54,"column":null}},"type":"if","locations":[{"start":{"line":52,"column":8},"end":{"line":54,"column":null}},{"start":{},"end":{}}],"line":52},"5":{"loc":{"start":{"line":57,"column":8},"end":{"line":59,"column":null}},"type":"if","locations":[{"start":{"line":57,"column":8},"end":{"line":59,"column":null}},{"start":{},"end":{}}],"line":57},"6":{"loc":{"start":{"line":62,"column":8},"end":{"line":64,"column":null}},"type":"if","locations":[{"start":{"line":62,"column":8},"end":{"line":64,"column":null}},{"start":{},"end":{}}],"line":62}},"s":{"0":6,"1":6,"2":7,"3":7,"4":7,"5":7,"6":7,"7":7,"8":7,"9":0,"10":0,"11":6,"12":3,"13":3,"14":3,"15":3,"16":3,"17":1,"18":2,"19":0,"20":0,"21":6,"22":15,"23":15,"24":15,"25":15,"26":15,"27":2,"28":13,"29":13,"30":5,"31":8,"32":8,"33":1,"34":7,"35":0,"36":0},"f":{"0":7,"1":3,"2":15},"b":{"0":[7,6],"1":[7,6],"2":[7,6],"3":[1,2],"4":[2,13],"5":[5,8],"6":[1,7]},"meta":{"lastBranch":7,"lastFunction":3,"lastStatement":37,"seen":{"s:5:17:5:Infinity":0,"s:8:0:25:Infinity":1,"f:8:18:8:25":0,"s:9:20:9:Infinity":2,"s:10:17:10:Infinity":3,"s:11:23:11:Infinity":4,"s:12:19:12:Infinity":5,"s:14:4:24:Infinity":6,"s:15:21:19:Infinity":7,"b:16:18:16:26:16:26:16:Infinity":0,"b:17:25:17:39:17:39:17:Infinity":1,"b:18:20:18:30:18:30:18:Infinity":2,"s:20:8:20:Infinity":8,"s:22:8:22:Infinity":9,"s:23:8:23:Infinity":10,"s:28:0:42:Infinity":11,"f:28:21:28:28":1,"s:29:15:29:Infinity":12,"s:30:20:30:Infinity":13,"s:32:4:41:Infinity":14,"s:33:21:33:Infinity":15,"b:34:8:36:Infinity:undefined:undefined:undefined:undefined":3,"s:34:8:36:Infinity":16,"s:35:12:35:Infinity":17,"s:37:8:37:Infinity":18,"s:39:8:39:Infinity":19,"s:40:8:40:Infinity":20,"s:45:0:71:Infinity":21,"f:45:30:45:37":2,"s:46:15:46:Infinity":22,"s:47:20:47:Infinity":23,"s:49:4:70:Infinity":24,"s:50:21:50:Infinity":25,"b:52:8:54:Infinity:undefined:undefined:undefined:undefined":4,"s:52:8:54:Infinity":26,"s:53:12:53:Infinity":27,"s:56:30:56:Infinity":28,"b:57:8:59:Infinity:undefined:undefined:undefined:undefined":5,"s:57:8:59:Infinity":29,"s:58:12:58:Infinity":30,"s:61:21:61:Infinity":31,"b:62:8:64:Infinity:undefined:undefined:undefined:undefined":6,"s:62:8:64:Infinity":32,"s:63:12:63:Infinity":33,"s:66:8:66:Infinity":34,"s:68:8:68:Infinity":35,"s:69:8:69:Infinity":36}}}
,"/Volumes/madara/2026/Coproperty/dashboard-0.1/workers/src/routes/dashboard.ts": {"path":"/Volumes/madara/2026/Coproperty/dashboard-0.1/workers/src/routes/dashboard.ts","statementMap":{"0":{"start":{"line":7,"column":18},"end":{"line":7,"column":null}},"1":{"start":{"line":19,"column":0},"end":{"line":131,"column":null}},"2":{"start":{"line":20,"column":23},"end":{"line":20,"column":null}},"3":{"start":{"line":21,"column":18},"end":{"line":21,"column":null}},"4":{"start":{"line":22,"column":15},"end":{"line":22,"column":null}},"5":{"start":{"line":24,"column":4},"end":{"line":130,"column":null}},"6":{"start":{"line":26,"column":27},"end":{"line":26,"column":null}},"7":{"start":{"line":27,"column":28},"end":{"line":27,"column":null}},"8":{"start":{"line":27,"column":48},"end":{"line":27,"column":52}},"9":{"start":{"line":30,"column":26},"end":{"line":30,"column":null}},"10":{"start":{"line":31,"column":32},"end":{"line":31,"column":null}},"11":{"start":{"line":33,"column":8},"end":{"line":41,"column":null}},"12":{"start":{"line":33,"column":21},"end":{"line":33,"column":24}},"13":{"start":{"line":34,"column":26},"end":{"line":34,"column":null}},"14":{"start":{"line":35,"column":34},"end":{"line":38,"column":null}},"15":{"start":{"line":36,"column":16},"end":{"line":37,"column":null}},"16":{"start":{"line":37,"column":33},"end":{"line":37,"column":35}},"17":{"start":{"line":39,"column":33},"end":{"line":39,"column":null}},"18":{"start":{"line":40,"column":12},"end":{"line":40,"column":null}},"19":{"start":{"line":44,"column":40},"end":{"line":47,"column":null}},"20":{"start":{"line":45,"column":48},"end":{"line":45,"column":50}},"21":{"start":{"line":50,"column":14},"end":{"line":50,"column":null}},"22":{"start":{"line":51,"column":35},"end":{"line":53,"column":null}},"23":{"start":{"line":52,"column":12},"end":{"line":52,"column":null}},"24":{"start":{"line":56,"column":32},"end":{"line":58,"column":null}},"25":{"start":{"line":57,"column":17},"end":{"line":57,"column":null}},"26":{"start":{"line":61,"column":25},"end":{"line":61,"column":null}},"27":{"start":{"line":62,"column":8},"end":{"line":69,"column":null}},"28":{"start":{"line":63,"column":12},"end":{"line":68,"column":null}},"29":{"start":{"line":64,"column":29},"end":{"line":64,"column":null}},"30":{"start":{"line":65,"column":16},"end":{"line":67,"column":null}},"31":{"start":{"line":66,"column":20},"end":{"line":66,"column":null}},"32":{"start":{"line":72,"column":20},"end":{"line":72,"column":null}},"33":{"start":{"line":73,"column":29},"end":{"line":73,"column":null}},"34":{"start":{"line":74,"column":27},"end":{"line":74,"column":null}},"35":{"start":{"line":75,"column":28},"end":{"line":75,"column":null}},"36":{"start":{"line":77,"column":34},"end":{"line":77,"column":null}},"37":{"start":{"line":78,"column":37},"end":{"line":78,"column":null}},"38":{"start":{"line":80,"column":8},"end":{"line":94,"column":null}},"39":{"start":{"line":81,"column":12},"end":{"line":93,"column":null}},"40":{"start":{"line":82,"column":32},"end":{"line":82,"column":null}},"41":{"start":{"line":83,"column":33},"end":{"line":83,"column":null}},"42":{"start":{"line":86,"column":37},"end":{"line":86,"column":null}},"43":{"start":{"line":87,"column":35},"end":{"line":87,"column":null}},"44":{"start":{"line":89,"column":16},"end":{"line":92,"column":null}},"45":{"start":{"line":90,"column":35},"end":{"line":90,"column":null}},"46":{"start":{"line":91,"column":20},"end":{"line":91,"column":null}},"47":{"start":{"line":96,"column":30},"end":{"line":98,"column":null}},"48":{"start":{"line":101,"column":30},"end":{"line":101,"column":null}},"49":{"start":{"line":102,"column":8},"end":{"line":102,"column":null}},"50":{"start":{"line":104,"column":27},"end":{"line":104,"column":null}},"51":{"start":{"line":105,"column":8},"end":{"line":115,"column":null}},"52":{"start":{"line":106,"column":12},"end":{"line":114,"column":null}},"53":{"start":{"line":107,"column":32},"end":{"line":107,"column":null}},"54":{"start":{"line":108,"column":33},"end":{"line":108,"column":null}},"55":{"start":{"line":111,"column":16},"end":{"line":113,"column":null}},"56":{"start":{"line":112,"column":20},"end":{"line":112,"column":null}},"57":{"start":{"line":117,"column":38},"end":{"line":124,"column":null}},"58":{"start":{"line":126,"column":8},"end":{"line":126,"column":null}},"59":{"start":{"line":128,"column":8},"end":{"line":128,"column":null}},"60":{"start":{"line":129,"column":8},"end":{"line":129,"column":null}},"61":{"start":{"line":134,"column":0},"end":{"line":200,"column":null}},"62":{"start":{"line":135,"column":23},"end":{"line":135,"column":null}},"63":{"start":{"line":136,"column":18},"end":{"line":136,"column":null}},"64":{"start":{"line":138,"column":4},"end":{"line":199,"column":null}},"65":{"start":{"line":139,"column":14},"end":{"line":139,"column":null}},"66":{"start":{"line":140,"column":25},"end":{"line":140,"column":null}},"67":{"start":{"line":143,"column":27},"end":{"line":143,"column":null}},"68":{"start":{"line":144,"column":28},"end":{"line":144,"column":null}},"69":{"start":{"line":144,"column":56},"end":{"line":144,"column":65}},"70":{"start":{"line":145,"column":28},"end":{"line":145,"column":null}},"71":{"start":{"line":145,"column":48},"end":{"line":145,"column":52}},"72":{"start":{"line":148,"column":26},"end":{"line":148,"column":null}},"73":{"start":{"line":159,"column":13},"end":{"line":159,"column":null}},"74":{"start":{"line":161,"column":8},"end":{"line":187,"column":null}},"75":{"start":{"line":161,"column":21},"end":{"line":161,"column":24}},"76":{"start":{"line":162,"column":26},"end":{"line":162,"column":null}},"77":{"start":{"line":163,"column":34},"end":{"line":184,"column":null}},"78":{"start":{"line":164,"column":16},"end":{"line":183,"column":null}},"79":{"start":{"line":169,"column":20},"end":{"line":182,"column":null}},"80":{"start":{"line":170,"column":41},"end":{"line":170,"column":null}},"81":{"start":{"line":171,"column":24},"end":{"line":181,"column":null}},"82":{"start":{"line":183,"column":30},"end":{"line":183,"column":32}},"83":{"start":{"line":185,"column":33},"end":{"line":185,"column":null}},"84":{"start":{"line":186,"column":12},"end":{"line":186,"column":null}},"85":{"start":{"line":190,"column":25},"end":{"line":193,"column":null}},"86":{"start":{"line":191,"column":25},"end":{"line":191,"column":77}},"87":{"start":{"line":192,"column":28},"end":{"line":192,"column":101}},"88":{"start":{"line":195,"column":8},"end":{"line":195,"column":null}},"89":{"start":{"line":197,"column":8},"end":{"line":197,"column":null}},"90":{"start":{"line":198,"column":8},"end":{"line":198,"column":null}},"91":{"start":{"line":203,"column":0},"end":{"line":230,"column":null}},"92":{"start":{"line":204,"column":23},"end":{"line":204,"column":null}},"93":{"start":{"line":205,"column":18},"end":{"line":205,"column":null}},"94":{"start":{"line":207,"column":4},"end":{"line":229,"column":null}},"95":{"start":{"line":208,"column":14},"end":{"line":208,"column":null}},"96":{"start":{"line":211,"column":35},"end":{"line":214,"column":null}},"97":{"start":{"line":217,"column":28},"end":{"line":217,"column":null}},"98":{"start":{"line":217,"column":56},"end":{"line":217,"column":65}},"99":{"start":{"line":220,"column":29},"end":{"line":223,"column":null}},"100":{"start":{"line":220,"column":46},"end":{"line":223,"column":10}},"101":{"start":{"line":225,"column":8},"end":{"line":225,"column":null}},"102":{"start":{"line":227,"column":8},"end":{"line":227,"column":null}},"103":{"start":{"line":228,"column":8},"end":{"line":228,"column":null}},"104":{"start":{"line":233,"column":0},"end":{"line":303,"column":null}},"105":{"start":{"line":234,"column":23},"end":{"line":234,"column":null}},"106":{"start":{"line":235,"column":17},"end":{"line":235,"column":null}},"107":{"start":{"line":238,"column":20},"end":{"line":238,"column":null}},"108":{"start":{"line":239,"column":22},"end":{"line":239,"column":null}},"109":{"start":{"line":240,"column":4},"end":{"line":240,"column":null}},"110":{"start":{"line":243,"column":23},"end":{"line":243,"column":null}},"111":{"start":{"line":244,"column":28},"end":{"line":244,"column":null}},"112":{"start":{"line":245,"column":24},"end":{"line":245,"column":null}},"113":{"start":{"line":245,"column":44},"end":{"line":245,"column":48}},"114":{"start":{"line":248,"column":22},"end":{"line":248,"column":null}},"115":{"start":{"line":249,"column":28},"end":{"line":249,"column":null}},"116":{"start":{"line":251,"column":4},"end":{"line":259,"column":null}},"117":{"start":{"line":251,"column":17},"end":{"line":251,"column":20}},"118":{"start":{"line":252,"column":22},"end":{"line":252,"column":null}},"119":{"start":{"line":253,"column":30},"end":{"line":256,"column":null}},"120":{"start":{"line":254,"column":12},"end":{"line":255,"column":null}},"121":{"start":{"line":255,"column":29},"end":{"line":255,"column":31}},"122":{"start":{"line":257,"column":29},"end":{"line":257,"column":null}},"123":{"start":{"line":258,"column":8},"end":{"line":258,"column":null}},"124":{"start":{"line":262,"column":26},"end":{"line":262,"column":null}},"125":{"start":{"line":265,"column":4},"end":{"line":268,"column":null}},"126":{"start":{"line":265,"column":17},"end":{"line":265,"column":38}},"127":{"start":{"line":266,"column":24},"end":{"line":266,"column":null}},"128":{"start":{"line":267,"column":8},"end":{"line":267,"column":null}},"129":{"start":{"line":271,"column":4},"end":{"line":283,"column":null}},"130":{"start":{"line":272,"column":8},"end":{"line":282,"column":null}},"131":{"start":{"line":273,"column":28},"end":{"line":273,"column":null}},"132":{"start":{"line":274,"column":29},"end":{"line":274,"column":null}},"133":{"start":{"line":276,"column":12},"end":{"line":281,"column":null}},"134":{"start":{"line":276,"column":25},"end":{"line":276,"column":44}},"135":{"start":{"line":277,"column":32},"end":{"line":277,"column":null}},"136":{"start":{"line":278,"column":16},"end":{"line":280,"column":null}},"137":{"start":{"line":279,"column":20},"end":{"line":279,"column":null}},"138":{"start":{"line":286,"column":19},"end":{"line":300,"column":null}},"139":{"start":{"line":287,"column":24},"end":{"line":287,"column":48}},"140":{"start":{"line":289,"column":25},"end":{"line":289,"column":null}},"141":{"start":{"line":290,"column":26},"end":{"line":290,"column":null}},"142":{"start":{"line":291,"column":24},"end":{"line":291,"column":null}},"143":{"start":{"line":292,"column":25},"end":{"line":294,"column":null}},"144":{"start":{"line":296,"column":12},"end":{"line":299,"column":null}},"145":{"start":{"line":302,"column":4},"end":{"line":302,"column":null}},"146":{"start":{"line":306,"column":0},"end":{"line":354,"column":null}},"147":{"start":{"line":307,"column":23},"end":{"line":307,"column":null}},"148":{"start":{"line":310,"column":23},"end":{"line":310,"column":null}},"149":{"start":{"line":311,"column":24},"end":{"line":311,"column":null}},"150":{"start":{"line":311,"column":44},"end":{"line":311,"column":48}},"151":{"start":{"line":314,"column":22},"end":{"line":314,"column":null}},"152":{"start":{"line":315,"column":28},"end":{"line":315,"column":null}},"153":{"start":{"line":317,"column":4},"end":{"line":325,"column":null}},"154":{"start":{"line":317,"column":17},"end":{"line":317,"column":20}},"155":{"start":{"line":318,"column":22},"end":{"line":318,"column":null}},"156":{"start":{"line":319,"column":30},"end":{"line":322,"column":null}},"157":{"start":{"line":320,"column":12},"end":{"line":321,"column":null}},"158":{"start":{"line":321,"column":29},"end":{"line":321,"column":31}},"159":{"start":{"line":323,"column":29},"end":{"line":323,"column":null}},"160":{"start":{"line":324,"column":8},"end":{"line":324,"column":null}},"161":{"start":{"line":328,"column":22},"end":{"line":328,"column":null}},"162":{"start":{"line":330,"column":4},"end":{"line":342,"column":null}},"163":{"start":{"line":331,"column":8},"end":{"line":341,"column":null}},"164":{"start":{"line":332,"column":29},"end":{"line":332,"column":null}},"165":{"start":{"line":334,"column":12},"end":{"line":336,"column":null}},"166":{"start":{"line":335,"column":16},"end":{"line":335,"column":null}},"167":{"start":{"line":338,"column":27},"end":{"line":338,"column":null}},"168":{"start":{"line":339,"column":12},"end":{"line":339,"column":null}},"169":{"start":{"line":340,"column":12},"end":{"line":340,"column":null}},"170":{"start":{"line":345,"column":19},"end":{"line":351,"column":null}},"171":{"start":{"line":346,"column":32},"end":{"line":350,"column":10}},"172":{"start":{"line":351,"column":24},"end":{"line":351,"column":41}},"173":{"start":{"line":353,"column":4},"end":{"line":353,"column":null}},"174":{"start":{"line":357,"column":0},"end":{"line":425,"column":null}},"175":{"start":{"line":358,"column":23},"end":{"line":358,"column":null}},"176":{"start":{"line":359,"column":17},"end":{"line":359,"column":null}},"177":{"start":{"line":362,"column":20},"end":{"line":362,"column":null}},"178":{"start":{"line":363,"column":22},"end":{"line":363,"column":null}},"179":{"start":{"line":364,"column":4},"end":{"line":364,"column":null}},"180":{"start":{"line":367,"column":23},"end":{"line":367,"column":null}},"181":{"start":{"line":368,"column":24},"end":{"line":368,"column":null}},"182":{"start":{"line":368,"column":44},"end":{"line":368,"column":48}},"183":{"start":{"line":371,"column":22},"end":{"line":371,"column":null}},"184":{"start":{"line":372,"column":28},"end":{"line":372,"column":null}},"185":{"start":{"line":374,"column":4},"end":{"line":382,"column":null}},"186":{"start":{"line":374,"column":17},"end":{"line":374,"column":20}},"187":{"start":{"line":375,"column":22},"end":{"line":375,"column":null}},"188":{"start":{"line":376,"column":30},"end":{"line":379,"column":null}},"189":{"start":{"line":377,"column":12},"end":{"line":378,"column":null}},"190":{"start":{"line":378,"column":29},"end":{"line":378,"column":31}},"191":{"start":{"line":380,"column":29},"end":{"line":380,"column":null}},"192":{"start":{"line":381,"column":8},"end":{"line":381,"column":null}},"193":{"start":{"line":385,"column":22},"end":{"line":385,"column":null}},"194":{"start":{"line":388,"column":4},"end":{"line":391,"column":null}},"195":{"start":{"line":388,"column":17},"end":{"line":388,"column":38}},"196":{"start":{"line":389,"column":24},"end":{"line":389,"column":null}},"197":{"start":{"line":390,"column":8},"end":{"line":390,"column":null}},"198":{"start":{"line":394,"column":4},"end":{"line":413,"column":null}},"199":{"start":{"line":395,"column":24},"end":{"line":395,"column":null}},"200":{"start":{"line":396,"column":25},"end":{"line":396,"column":null}},"201":{"start":{"line":397,"column":23},"end":{"line":397,"column":null}},"202":{"start":{"line":399,"column":8},"end":{"line":412,"column":null}},"203":{"start":{"line":400,"column":36},"end":{"line":400,"column":null}},"204":{"start":{"line":401,"column":35},"end":{"line":401,"column":null}},"205":{"start":{"line":404,"column":12},"end":{"line":411,"column":null}},"206":{"start":{"line":404,"column":25},"end":{"line":404,"column":44}},"207":{"start":{"line":405,"column":32},"end":{"line":405,"column":null}},"208":{"start":{"line":406,"column":16},"end":{"line":410,"column":null}},"209":{"start":{"line":407,"column":32},"end":{"line":407,"column":null}},"210":{"start":{"line":408,"column":20},"end":{"line":408,"column":null}},"211":{"start":{"line":409,"column":20},"end":{"line":409,"column":null}},"212":{"start":{"line":416,"column":19},"end":{"line":422,"column":null}},"213":{"start":{"line":417,"column":24},"end":{"line":417,"column":48}},"214":{"start":{"line":418,"column":32},"end":{"line":422,"column":10}},"215":{"start":{"line":424,"column":4},"end":{"line":424,"column":null}},"216":{"start":{"line":428,"column":0},"end":{"line":496,"column":null}},"217":{"start":{"line":429,"column":23},"end":{"line":429,"column":null}},"218":{"start":{"line":430,"column":18},"end":{"line":430,"column":null}},"219":{"start":{"line":431,"column":19},"end":{"line":431,"column":null}},"220":{"start":{"line":434,"column":20},"end":{"line":434,"column":null}},"221":{"start":{"line":435,"column":22},"end":{"line":435,"column":null}},"222":{"start":{"line":436,"column":4},"end":{"line":436,"column":null}},"223":{"start":{"line":439,"column":23},"end":{"line":439,"column":null}},"224":{"start":{"line":440,"column":24},"end":{"line":440,"column":null}},"225":{"start":{"line":440,"column":44},"end":{"line":440,"column":48}},"226":{"start":{"line":443,"column":22},"end":{"line":443,"column":null}},"227":{"start":{"line":444,"column":28},"end":{"line":444,"column":null}},"228":{"start":{"line":446,"column":4},"end":{"line":454,"column":null}},"229":{"start":{"line":446,"column":17},"end":{"line":446,"column":20}},"230":{"start":{"line":447,"column":22},"end":{"line":447,"column":null}},"231":{"start":{"line":448,"column":30},"end":{"line":451,"column":null}},"232":{"start":{"line":449,"column":12},"end":{"line":450,"column":null}},"233":{"start":{"line":450,"column":29},"end":{"line":450,"column":31}},"234":{"start":{"line":452,"column":29},"end":{"line":452,"column":null}},"235":{"start":{"line":453,"column":8},"end":{"line":453,"column":null}},"236":{"start":{"line":457,"column":27},"end":{"line":457,"column":null}},"237":{"start":{"line":460,"column":4},"end":{"line":462,"column":null}},"238":{"start":{"line":461,"column":8},"end":{"line":461,"column":null}},"239":{"start":{"line":465,"column":4},"end":{"line":479,"column":null}},"240":{"start":{"line":466,"column":8},"end":{"line":478,"column":null}},"241":{"start":{"line":467,"column":28},"end":{"line":467,"column":null}},"242":{"start":{"line":468,"column":29},"end":{"line":468,"column":null}},"243":{"start":{"line":471,"column":12},"end":{"line":477,"column":null}},"244":{"start":{"line":472,"column":29},"end":{"line":472,"column":null}},"245":{"start":{"line":473,"column":16},"end":{"line":476,"column":null}},"246":{"start":{"line":474,"column":20},"end":{"line":474,"column":null}},"247":{"start":{"line":475,"column":20},"end":{"line":475,"column":null}},"248":{"start":{"line":482,"column":19},"end":{"line":493,"column":null}},"249":{"start":{"line":484,"column":29},"end":{"line":484,"column":null}},"250":{"start":{"line":484,"column":50},"end":{"line":484,"column":69}},"251":{"start":{"line":485,"column":12},"end":{"line":489,"column":null}},"252":{"start":{"line":491,"column":24},"end":{"line":491,"column":40}},"253":{"start":{"line":492,"column":24},"end":{"line":492,"column":45}},"254":{"start":{"line":495,"column":4},"end":{"line":495,"column":null}},"255":{"start":{"line":499,"column":0},"end":{"line":557,"column":null}},"256":{"start":{"line":500,"column":15},"end":{"line":500,"column":null}},"257":{"start":{"line":502,"column":4},"end":{"line":556,"column":null}},"258":{"start":{"line":503,"column":24},"end":{"line":503,"column":null}},"259":{"start":{"line":505,"column":8},"end":{"line":514,"column":null}},"260":{"start":{"line":506,"column":12},"end":{"line":513,"column":null}},"261":{"start":{"line":517,"column":22},"end":{"line":519,"column":null}},"262":{"start":{"line":518,"column":30},"end":{"line":518,"column":82}},"263":{"start":{"line":522,"column":30},"end":{"line":522,"column":null}},"264":{"start":{"line":523,"column":24},"end":{"line":523,"column":null}},"265":{"start":{"line":524,"column":21},"end":{"line":524,"column":null}},"266":{"start":{"line":525,"column":18},"end":{"line":525,"column":null}},"267":{"start":{"line":527,"column":8},"end":{"line":543,"column":null}},"268":{"start":{"line":528,"column":12},"end":{"line":542,"column":null}},"269":{"start":{"line":529,"column":33},"end":{"line":529,"column":null}},"270":{"start":{"line":530,"column":36},"end":{"line":530,"column":null}},"271":{"start":{"line":531,"column":33},"end":{"line":531,"column":null}},"272":{"start":{"line":533,"column":16},"end":{"line":541,"column":null}},"273":{"start":{"line":534,"column":20},"end":{"line":534,"column":null}},"274":{"start":{"line":535,"column":16},"end":{"line":541,"column":null}},"275":{"start":{"line":536,"column":20},"end":{"line":536,"column":null}},"276":{"start":{"line":537,"column":16},"end":{"line":541,"column":null}},"277":{"start":{"line":538,"column":20},"end":{"line":538,"column":null}},"278":{"start":{"line":539,"column":16},"end":{"line":541,"column":null}},"279":{"start":{"line":540,"column":20},"end":{"line":540,"column":null}},"280":{"start":{"line":545,"column":23},"end":{"line":550,"column":null}},"281":{"start":{"line":552,"column":8},"end":{"line":552,"column":null}},"282":{"start":{"line":554,"column":8},"end":{"line":554,"column":null}},"283":{"start":{"line":555,"column":8},"end":{"line":555,"column":null}},"284":{"start":{"line":560,"column":0},"end":{"line":723,"column":null}},"285":{"start":{"line":561,"column":23},"end":{"line":561,"column":null}},"286":{"start":{"line":562,"column":18},"end":{"line":562,"column":null}},"287":{"start":{"line":563,"column":15},"end":{"line":563,"column":null}},"288":{"start":{"line":564,"column":18},"end":{"line":564,"column":null}},"289":{"start":{"line":567,"column":23},"end":{"line":567,"column":null}},"290":{"start":{"line":568,"column":24},"end":{"line":568,"column":null}},"291":{"start":{"line":568,"column":52},"end":{"line":568,"column":61}},"292":{"start":{"line":569,"column":24},"end":{"line":569,"column":null}},"293":{"start":{"line":569,"column":44},"end":{"line":569,"column":48}},"294":{"start":{"line":571,"column":4},"end":{"line":571,"column":null}},"295":{"start":{"line":574,"column":53},"end":{"line":596,"column":null}},"296":{"start":{"line":577,"column":30},"end":{"line":577,"column":null}},"297":{"start":{"line":578,"column":28},"end":{"line":578,"column":null}},"298":{"start":{"line":579,"column":12},"end":{"line":591,"column":null}},"299":{"start":{"line":579,"column":25},"end":{"line":579,"column":28}},"300":{"start":{"line":580,"column":30},"end":{"line":580,"column":null}},"301":{"start":{"line":581,"column":38},"end":{"line":588,"column":null}},"302":{"start":{"line":582,"column":20},"end":{"line":587,"column":null}},"303":{"start":{"line":585,"column":28},"end":{"line":585,"column":null}},"304":{"start":{"line":585,"column":51},"end":{"line":585,"column":102}},"305":{"start":{"line":587,"column":37},"end":{"line":587,"column":39}},"306":{"start":{"line":589,"column":37},"end":{"line":589,"column":null}},"307":{"start":{"line":590,"column":16},"end":{"line":590,"column":null}},"308":{"start":{"line":592,"column":12},"end":{"line":592,"column":null}},"309":{"start":{"line":594,"column":44},"end":{"line":594,"column":46}},"310":{"start":{"line":605,"column":9},"end":{"line":605,"column":null}},"311":{"start":{"line":607,"column":16},"end":{"line":607,"column":null}},"312":{"start":{"line":610,"column":4},"end":{"line":653,"column":null}},"313":{"start":{"line":611,"column":8},"end":{"line":652,"column":null}},"314":{"start":{"line":612,"column":29},"end":{"line":612,"column":null}},"315":{"start":{"line":613,"column":33},"end":{"line":613,"column":null}},"316":{"start":{"line":615,"column":12},"end":{"line":617,"column":null}},"317":{"start":{"line":616,"column":16},"end":{"line":616,"column":null}},"318":{"start":{"line":618,"column":32},"end":{"line":618,"column":null}},"319":{"start":{"line":619,"column":33},"end":{"line":619,"column":null}},"320":{"start":{"line":620,"column":32},"end":{"line":620,"column":null}},"321":{"start":{"line":623,"column":12},"end":{"line":629,"column":null}},"322":{"start":{"line":632,"column":12},"end":{"line":640,"column":null}},"323":{"start":{"line":633,"column":16},"end":{"line":639,"column":null}},"324":{"start":{"line":643,"column":12},"end":{"line":651,"column":null}},"325":{"start":{"line":644,"column":16},"end":{"line":650,"column":null}},"326":{"start":{"line":656,"column":4},"end":{"line":670,"column":null}},"327":{"start":{"line":657,"column":25},"end":{"line":657,"column":null}},"328":{"start":{"line":658,"column":29},"end":{"line":658,"column":null}},"329":{"start":{"line":659,"column":26},"end":{"line":659,"column":null}},"330":{"start":{"line":661,"column":8},"end":{"line":669,"column":null}},"331":{"start":{"line":673,"column":4},"end":{"line":689,"column":null}},"332":{"start":{"line":674,"column":8},"end":{"line":688,"column":null}},"333":{"start":{"line":675,"column":25},"end":{"line":675,"column":null}},"334":{"start":{"line":676,"column":12},"end":{"line":687,"column":null}},"335":{"start":{"line":677,"column":33},"end":{"line":677,"column":null}},"336":{"start":{"line":678,"column":37},"end":{"line":678,"column":null}},"337":{"start":{"line":680,"column":16},"end":{"line":686,"column":null}},"338":{"start":{"line":692,"column":19},"end":{"line":720,"column":null}},"339":{"start":{"line":693,"column":24},"end":{"line":693,"column":45}},"340":{"start":{"line":696,"column":25},"end":{"line":696,"column":null}},"341":{"start":{"line":697,"column":25},"end":{"line":697,"column":null}},"342":{"start":{"line":698,"column":26},"end":{"line":698,"column":null}},"343":{"start":{"line":699,"column":25},"end":{"line":699,"column":null}},"344":{"start":{"line":702,"column":12},"end":{"line":712,"column":null}},"345":{"start":{"line":703,"column":16},"end":{"line":703,"column":null}},"346":{"start":{"line":704,"column":12},"end":{"line":712,"column":null}},"347":{"start":{"line":705,"column":16},"end":{"line":705,"column":null}},"348":{"start":{"line":706,"column":12},"end":{"line":712,"column":null}},"349":{"start":{"line":707,"column":16},"end":{"line":707,"column":null}},"350":{"start":{"line":708,"column":12},"end":{"line":712,"column":null}},"351":{"start":{"line":709,"column":16},"end":{"line":709,"column":null}},"352":{"start":{"line":711,"column":16},"end":{"line":711,"column":null}},"353":{"start":{"line":714,"column":12},"end":{"line":719,"column":null}},"354":{"start":{"line":722,"column":4},"end":{"line":722,"column":null}}},"fnMap":{"0":{"name":"(anonymous_0)","decl":{"start":{"line":19,"column":24},"end":{"line":19,"column":31}},"loc":{"start":{"line":19,"column":37},"end":{"line":131,"column":1}},"line":19},"1":{"name":"(anonymous_1)","decl":{"start":{"line":27,"column":43},"end":{"line":27,"column":48}},"loc":{"start":{"line":27,"column":48},"end":{"line":27,"column":52}},"line":27},"2":{"name":"(anonymous_2)","decl":{"start":{"line":35,"column":44},"end":{"line":35,"column":null}},"loc":{"start":{"line":36,"column":16},"end":{"line":37,"column":null}},"line":36},"3":{"name":"(anonymous_3)","decl":{"start":{"line":37,"column":27},"end":{"line":37,"column":33}},"loc":{"start":{"line":37,"column":33},"end":{"line":37,"column":35}},"line":37},"4":{"name":"(anonymous_4)","decl":{"start":{"line":45,"column":42},"end":{"line":45,"column":48}},"loc":{"start":{"line":45,"column":48},"end":{"line":45,"column":50}},"line":45},"5":{"name":"(anonymous_5)","decl":{"start":{"line":51,"column":58},"end":{"line":51,"column":63}},"loc":{"start":{"line":51,"column":63},"end":{"line":53,"column":9}},"line":51},"6":{"name":"(anonymous_6)","decl":{"start":{"line":57,"column":12},"end":{"line":57,"column":17}},"loc":{"start":{"line":57,"column":17},"end":{"line":57,"column":null}},"line":57},"7":{"name":"(anonymous_7)","decl":{"start":{"line":80,"column":32},"end":{"line":80,"column":47}},"loc":{"start":{"line":80,"column":47},"end":{"line":94,"column":9}},"line":80},"8":{"name":"(anonymous_8)","decl":{"start":{"line":105,"column":32},"end":{"line":105,"column":47}},"loc":{"start":{"line":105,"column":47},"end":{"line":115,"column":9}},"line":105},"9":{"name":"(anonymous_9)","decl":{"start":{"line":134,"column":27},"end":{"line":134,"column":34}},"loc":{"start":{"line":134,"column":40},"end":{"line":200,"column":1}},"line":134},"10":{"name":"(anonymous_10)","decl":{"start":{"line":144,"column":51},"end":{"line":144,"column":56}},"loc":{"start":{"line":144,"column":56},"end":{"line":144,"column":65}},"line":144},"11":{"name":"(anonymous_11)","decl":{"start":{"line":145,"column":43},"end":{"line":145,"column":48}},"loc":{"start":{"line":145,"column":48},"end":{"line":145,"column":52}},"line":145},"12":{"name":"(anonymous_12)","decl":{"start":{"line":163,"column":44},"end":{"line":163,"column":null}},"loc":{"start":{"line":164,"column":16},"end":{"line":183,"column":null}},"line":164},"13":{"name":"(anonymous_13)","decl":{"start":{"line":168,"column":24},"end":{"line":168,"column":null}},"loc":{"start":{"line":169,"column":20},"end":{"line":182,"column":null}},"line":169},"14":{"name":"(anonymous_14)","decl":{"start":{"line":169,"column":37},"end":{"line":169,"column":42}},"loc":{"start":{"line":169,"column":42},"end":{"line":182,"column":21}},"line":169},"15":{"name":"(anonymous_15)","decl":{"start":{"line":183,"column":24},"end":{"line":183,"column":30}},"loc":{"start":{"line":183,"column":30},"end":{"line":183,"column":32}},"line":183},"16":{"name":"(anonymous_16)","decl":{"start":{"line":191,"column":20},"end":{"line":191,"column":25}},"loc":{"start":{"line":191,"column":25},"end":{"line":191,"column":77}},"line":191},"17":{"name":"(anonymous_17)","decl":{"start":{"line":192,"column":18},"end":{"line":192,"column":19}},"loc":{"start":{"line":192,"column":28},"end":{"line":192,"column":101}},"line":192},"18":{"name":"(anonymous_18)","decl":{"start":{"line":203,"column":33},"end":{"line":203,"column":40}},"loc":{"start":{"line":203,"column":46},"end":{"line":230,"column":1}},"line":203},"19":{"name":"(anonymous_19)","decl":{"start":{"line":217,"column":51},"end":{"line":217,"column":56}},"loc":{"start":{"line":217,"column":56},"end":{"line":217,"column":65}},"line":217},"20":{"name":"(anonymous_20)","decl":{"start":{"line":220,"column":38},"end":{"line":220,"column":46}},"loc":{"start":{"line":220,"column":46},"end":{"line":223,"column":10}},"line":220},"21":{"name":"(anonymous_21)","decl":{"start":{"line":233,"column":35},"end":{"line":233,"column":42}},"loc":{"start":{"line":233,"column":48},"end":{"line":303,"column":1}},"line":233},"22":{"name":"(anonymous_22)","decl":{"start":{"line":245,"column":39},"end":{"line":245,"column":44}},"loc":{"start":{"line":245,"column":44},"end":{"line":245,"column":48}},"line":245},"23":{"name":"(anonymous_23)","decl":{"start":{"line":253,"column":40},"end":{"line":253,"column":null}},"loc":{"start":{"line":254,"column":12},"end":{"line":255,"column":null}},"line":254},"24":{"name":"(anonymous_24)","decl":{"start":{"line":255,"column":23},"end":{"line":255,"column":29}},"loc":{"start":{"line":255,"column":29},"end":{"line":255,"column":31}},"line":255},"25":{"name":"(anonymous_25)","decl":{"start":{"line":271,"column":28},"end":{"line":271,"column":43}},"loc":{"start":{"line":271,"column":43},"end":{"line":283,"column":5}},"line":271},"26":{"name":"(anonymous_26)","decl":{"start":{"line":287,"column":14},"end":{"line":287,"column":15}},"loc":{"start":{"line":287,"column":24},"end":{"line":287,"column":48}},"line":287},"27":{"name":"(anonymous_27)","decl":{"start":{"line":288,"column":13},"end":{"line":288,"column":14}},"loc":{"start":{"line":288,"column":48},"end":{"line":300,"column":9}},"line":288},"28":{"name":"(anonymous_28)","decl":{"start":{"line":306,"column":34},"end":{"line":306,"column":41}},"loc":{"start":{"line":306,"column":47},"end":{"line":354,"column":1}},"line":306},"29":{"name":"(anonymous_29)","decl":{"start":{"line":311,"column":39},"end":{"line":311,"column":44}},"loc":{"start":{"line":311,"column":44},"end":{"line":311,"column":48}},"line":311},"30":{"name":"(anonymous_30)","decl":{"start":{"line":319,"column":40},"end":{"line":319,"column":null}},"loc":{"start":{"line":320,"column":12},"end":{"line":321,"column":null}},"line":320},"31":{"name":"(anonymous_31)","decl":{"start":{"line":321,"column":23},"end":{"line":321,"column":29}},"loc":{"start":{"line":321,"column":29},"end":{"line":321,"column":31}},"line":321},"32":{"name":"(anonymous_32)","decl":{"start":{"line":330,"column":28},"end":{"line":330,"column":43}},"loc":{"start":{"line":330,"column":43},"end":{"line":342,"column":5}},"line":330},"33":{"name":"(anonymous_33)","decl":{"start":{"line":346,"column":13},"end":{"line":346,"column":14}},"loc":{"start":{"line":346,"column":32},"end":{"line":350,"column":10}},"line":346},"34":{"name":"(anonymous_34)","decl":{"start":{"line":351,"column":14},"end":{"line":351,"column":15}},"loc":{"start":{"line":351,"column":24},"end":{"line":351,"column":41}},"line":351},"35":{"name":"(anonymous_35)","decl":{"start":{"line":357,"column":33},"end":{"line":357,"column":40}},"loc":{"start":{"line":357,"column":46},"end":{"line":425,"column":1}},"line":357},"36":{"name":"(anonymous_36)","decl":{"start":{"line":368,"column":39},"end":{"line":368,"column":44}},"loc":{"start":{"line":368,"column":44},"end":{"line":368,"column":48}},"line":368},"37":{"name":"(anonymous_37)","decl":{"start":{"line":376,"column":40},"end":{"line":376,"column":null}},"loc":{"start":{"line":377,"column":12},"end":{"line":378,"column":null}},"line":377},"38":{"name":"(anonymous_38)","decl":{"start":{"line":378,"column":23},"end":{"line":378,"column":29}},"loc":{"start":{"line":378,"column":29},"end":{"line":378,"column":31}},"line":378},"39":{"name":"(anonymous_39)","decl":{"start":{"line":394,"column":28},"end":{"line":394,"column":43}},"loc":{"start":{"line":394,"column":43},"end":{"line":413,"column":5}},"line":394},"40":{"name":"(anonymous_40)","decl":{"start":{"line":417,"column":14},"end":{"line":417,"column":15}},"loc":{"start":{"line":417,"column":24},"end":{"line":417,"column":48}},"line":417},"41":{"name":"(anonymous_41)","decl":{"start":{"line":418,"column":13},"end":{"line":418,"column":14}},"loc":{"start":{"line":418,"column":32},"end":{"line":422,"column":10}},"line":418},"42":{"name":"(anonymous_42)","decl":{"start":{"line":428,"column":39},"end":{"line":428,"column":46}},"loc":{"start":{"line":428,"column":52},"end":{"line":496,"column":1}},"line":428},"43":{"name":"(anonymous_43)","decl":{"start":{"line":440,"column":39},"end":{"line":440,"column":44}},"loc":{"start":{"line":440,"column":44},"end":{"line":440,"column":48}},"line":440},"44":{"name":"(anonymous_44)","decl":{"start":{"line":448,"column":40},"end":{"line":448,"column":null}},"loc":{"start":{"line":449,"column":12},"end":{"line":450,"column":null}},"line":449},"45":{"name":"(anonymous_45)","decl":{"start":{"line":450,"column":23},"end":{"line":450,"column":29}},"loc":{"start":{"line":450,"column":29},"end":{"line":450,"column":31}},"line":450},"46":{"name":"(anonymous_46)","decl":{"start":{"line":460,"column":23},"end":{"line":460,"column":35}},"loc":{"start":{"line":460,"column":35},"end":{"line":462,"column":5}},"line":460},"47":{"name":"(anonymous_47)","decl":{"start":{"line":465,"column":28},"end":{"line":465,"column":43}},"loc":{"start":{"line":465,"column":43},"end":{"line":479,"column":5}},"line":465},"48":{"name":"(anonymous_48)","decl":{"start":{"line":483,"column":13},"end":{"line":483,"column":14}},"loc":{"start":{"line":483,"column":37},"end":{"line":490,"column":9}},"line":483},"49":{"name":"(anonymous_49)","decl":{"start":{"line":484,"column":45},"end":{"line":484,"column":50}},"loc":{"start":{"line":484,"column":50},"end":{"line":484,"column":69}},"line":484},"50":{"name":"(anonymous_50)","decl":{"start":{"line":491,"column":16},"end":{"line":491,"column":24}},"loc":{"start":{"line":491,"column":24},"end":{"line":491,"column":40}},"line":491},"51":{"name":"(anonymous_51)","decl":{"start":{"line":492,"column":14},"end":{"line":492,"column":15}},"loc":{"start":{"line":492,"column":24},"end":{"line":492,"column":45}},"line":492},"52":{"name":"(anonymous_52)","decl":{"start":{"line":499,"column":42},"end":{"line":499,"column":49}},"loc":{"start":{"line":499,"column":55},"end":{"line":557,"column":1}},"line":499},"53":{"name":"(anonymous_53)","decl":{"start":{"line":518,"column":24},"end":{"line":518,"column":30}},"loc":{"start":{"line":518,"column":30},"end":{"line":518,"column":82}},"line":518},"54":{"name":"(anonymous_54)","decl":{"start":{"line":527,"column":22},"end":{"line":527,"column":30}},"loc":{"start":{"line":527,"column":30},"end":{"line":543,"column":9}},"line":527},"55":{"name":"(anonymous_55)","decl":{"start":{"line":560,"column":34},"end":{"line":560,"column":41}},"loc":{"start":{"line":560,"column":47},"end":{"line":723,"column":1}},"line":560},"56":{"name":"(anonymous_56)","decl":{"start":{"line":568,"column":47},"end":{"line":568,"column":52}},"loc":{"start":{"line":568,"column":52},"end":{"line":568,"column":61}},"line":568},"57":{"name":"(anonymous_57)","decl":{"start":{"line":569,"column":39},"end":{"line":569,"column":44}},"loc":{"start":{"line":569,"column":44},"end":{"line":569,"column":48}},"line":569},"58":{"name":"(anonymous_58)","decl":{"start":{"line":576,"column":9},"end":{"line":576,"column":21}},"loc":{"start":{"line":576,"column":21},"end":{"line":593,"column":11}},"line":576},"59":{"name":"(anonymous_59)","decl":{"start":{"line":581,"column":48},"end":{"line":581,"column":null}},"loc":{"start":{"line":582,"column":20},"end":{"line":587,"column":null}},"line":582},"60":{"name":"(anonymous_60)","decl":{"start":{"line":583,"column":30},"end":{"line":583,"column":null}},"loc":{"start":{"line":585,"column":28},"end":{"line":585,"column":null}},"line":585},"61":{"name":"(anonymous_61)","decl":{"start":{"line":585,"column":45},"end":{"line":585,"column":51}},"loc":{"start":{"line":585,"column":51},"end":{"line":585,"column":102}},"line":585},"62":{"name":"(anonymous_62)","decl":{"start":{"line":587,"column":31},"end":{"line":587,"column":37}},"loc":{"start":{"line":587,"column":37},"end":{"line":587,"column":39}},"line":587},"63":{"name":"(anonymous_63)","decl":{"start":{"line":594,"column":38},"end":{"line":594,"column":44}},"loc":{"start":{"line":594,"column":44},"end":{"line":594,"column":46}},"line":594},"64":{"name":"(anonymous_64)","decl":{"start":{"line":610,"column":28},"end":{"line":610,"column":29}},"loc":{"start":{"line":610,"column":52},"end":{"line":653,"column":5}},"line":610},"65":{"name":"(anonymous_65)","decl":{"start":{"line":656,"column":25},"end":{"line":656,"column":32}},"loc":{"start":{"line":656,"column":32},"end":{"line":670,"column":5}},"line":656},"66":{"name":"(anonymous_66)","decl":{"start":{"line":693,"column":14},"end":{"line":693,"column":15}},"loc":{"start":{"line":693,"column":24},"end":{"line":693,"column":45}},"line":693},"67":{"name":"(anonymous_67)","decl":{"start":{"line":695,"column":13},"end":{"line":695,"column":25}},"loc":{"start":{"line":695,"column":25},"end":{"line":720,"column":9}},"line":695}},"branchMap":{"0":{"loc":{"start":{"line":52,"column":19},"end":{"line":52,"column":null}},"type":"binary-expr","locations":[{"start":{"line":52,"column":19},"end":{"line":52,"column":47}},{"start":{"line":52,"column":47},"end":{"line":52,"column":76}},{"start":{"line":52,"column":76},"end":{"line":52,"column":null}}],"line":52},"1":{"loc":{"start":{"line":57,"column":17},"end":{"line":57,"column":null}},"type":"binary-expr","locations":[{"start":{"line":57,"column":17},"end":{"line":57,"column":43}},{"start":{"line":57,"column":43},"end":{"line":57,"column":null}}],"line":57},"2":{"loc":{"start":{"line":62,"column":8},"end":{"line":69,"column":null}},"type":"if","locations":[{"start":{"line":62,"column":8},"end":{"line":69,"column":null}},{"start":{},"end":{}}],"line":62},"3":{"loc":{"start":{"line":65,"column":16},"end":{"line":67,"column":null}},"type":"if","locations":[{"start":{"line":65,"column":16},"end":{"line":67,"column":null}},{"start":{},"end":{}}],"line":65},"4":{"loc":{"start":{"line":65,"column":20},"end":{"line":65,"column":117}},"type":"binary-expr","locations":[{"start":{"line":65,"column":20},"end":{"line":65,"column":28}},{"start":{"line":65,"column":28},"end":{"line":65,"column":60}},{"start":{"line":65,"column":60},"end":{"line":65,"column":88}},{"start":{"line":65,"column":88},"end":{"line":65,"column":117}}],"line":65},"5":{"loc":{"start":{"line":81,"column":12},"end":{"line":93,"column":null}},"type":"if","locations":[{"start":{"line":81,"column":12},"end":{"line":93,"column":null}},{"start":{},"end":{}}],"line":81},"6":{"loc":{"start":{"line":86,"column":37},"end":{"line":86,"column":null}},"type":"cond-expr","locations":[{"start":{"line":86,"column":62},"end":{"line":86,"column":72}},{"start":{"line":86,"column":72},"end":{"line":86,"column":null}}],"line":86},"7":{"loc":{"start":{"line":87,"column":35},"end":{"line":87,"column":null}},"type":"cond-expr","locations":[{"start":{"line":87,"column":59},"end":{"line":87,"column":70}},{"start":{"line":87,"column":70},"end":{"line":87,"column":null}}],"line":87},"8":{"loc":{"start":{"line":89,"column":16},"end":{"line":92,"column":null}},"type":"if","locations":[{"start":{"line":89,"column":16},"end":{"line":92,"column":null}},{"start":{},"end":{}}],"line":89},"9":{"loc":{"start":{"line":96,"column":30},"end":{"line":98,"column":null}},"type":"cond-expr","locations":[{"start":{"line":97,"column":14},"end":{"line":97,"column":null}},{"start":{"line":98,"column":14},"end":{"line":98,"column":null}}],"line":96},"10":{"loc":{"start":{"line":106,"column":12},"end":{"line":114,"column":null}},"type":"if","locations":[{"start":{"line":106,"column":12},"end":{"line":114,"column":null}},{"start":{},"end":{}}],"line":106},"11":{"loc":{"start":{"line":111,"column":16},"end":{"line":113,"column":null}},"type":"if","locations":[{"start":{"line":111,"column":16},"end":{"line":113,"column":null}},{"start":{},"end":{}}],"line":111},"12":{"loc":{"start":{"line":111,"column":20},"end":{"line":111,"column":65}},"type":"binary-expr","locations":[{"start":{"line":111,"column":20},"end":{"line":111,"column":49}},{"start":{"line":111,"column":49},"end":{"line":111,"column":65}}],"line":111},"13":{"loc":{"start":{"line":112,"column":36},"end":{"line":112,"column":null}},"type":"binary-expr","locations":[{"start":{"line":112,"column":36},"end":{"line":112,"column":63}},{"start":{"line":112,"column":63},"end":{"line":112,"column":null}}],"line":112},"14":{"loc":{"start":{"line":136,"column":27},"end":{"line":136,"column":55}},"type":"binary-expr","locations":[{"start":{"line":136,"column":27},"end":{"line":136,"column":51}},{"start":{"line":136,"column":51},"end":{"line":136,"column":55}}],"line":136},"15":{"loc":{"start":{"line":179,"column":43},"end":{"line":179,"column":null}},"type":"binary-expr","locations":[{"start":{"line":179,"column":43},"end":{"line":179,"column":61}},{"start":{"line":179,"column":61},"end":{"line":179,"column":null}}],"line":179},"16":{"loc":{"start":{"line":180,"column":43},"end":{"line":180,"column":null}},"type":"binary-expr","locations":[{"start":{"line":180,"column":43},"end":{"line":180,"column":70}},{"start":{"line":180,"column":70},"end":{"line":180,"column":null}}],"line":180},"17":{"loc":{"start":{"line":191,"column":25},"end":{"line":191,"column":77}},"type":"binary-expr","locations":[{"start":{"line":191,"column":25},"end":{"line":191,"column":53}},{"start":{"line":191,"column":53},"end":{"line":191,"column":77}}],"line":191},"18":{"loc":{"start":{"line":222,"column":27},"end":{"line":222,"column":null}},"type":"binary-expr","locations":[{"start":{"line":222,"column":27},"end":{"line":222,"column":69}},{"start":{"line":222,"column":69},"end":{"line":222,"column":null}}],"line":222},"19":{"loc":{"start":{"line":235,"column":26},"end":{"line":235,"column":53}},"type":"binary-expr","locations":[{"start":{"line":235,"column":26},"end":{"line":235,"column":49}},{"start":{"line":235,"column":49},"end":{"line":235,"column":53}}],"line":235},"20":{"loc":{"start":{"line":272,"column":8},"end":{"line":282,"column":null}},"type":"if","locations":[{"start":{"line":272,"column":8},"end":{"line":282,"column":null}},{"start":{},"end":{}}],"line":272},"21":{"loc":{"start":{"line":278,"column":16},"end":{"line":280,"column":null}},"type":"if","locations":[{"start":{"line":278,"column":16},"end":{"line":280,"column":null}},{"start":{},"end":{}}],"line":278},"22":{"loc":{"start":{"line":292,"column":25},"end":{"line":294,"column":null}},"type":"cond-expr","locations":[{"start":{"line":293,"column":18},"end":{"line":293,"column":null}},{"start":{"line":294,"column":18},"end":{"line":294,"column":null}}],"line":292},"23":{"loc":{"start":{"line":331,"column":8},"end":{"line":341,"column":null}},"type":"if","locations":[{"start":{"line":331,"column":8},"end":{"line":341,"column":null}},{"start":{},"end":{}}],"line":331},"24":{"loc":{"start":{"line":332,"column":29},"end":{"line":332,"column":null}},"type":"binary-expr","locations":[{"start":{"line":332,"column":29},"end":{"line":332,"column":53}},{"start":{"line":332,"column":53},"end":{"line":332,"column":null}}],"line":332},"25":{"loc":{"start":{"line":334,"column":12},"end":{"line":336,"column":null}},"type":"if","locations":[{"start":{"line":334,"column":12},"end":{"line":336,"column":null}},{"start":{},"end":{}}],"line":334},"26":{"loc":{"start":{"line":359,"column":26},"end":{"line":359,"column":53}},"type":"binary-expr","locations":[{"start":{"line":359,"column":26},"end":{"line":359,"column":49}},{"start":{"line":359,"column":49},"end":{"line":359,"column":53}}],"line":359},"27":{"loc":{"start":{"line":399,"column":8},"end":{"line":412,"column":null}},"type":"if","locations":[{"start":{"line":399,"column":8},"end":{"line":412,"column":null}},{"start":{},"end":{}}],"line":399},"28":{"loc":{"start":{"line":399,"column":12},"end":{"line":399,"column":62}},"type":"binary-expr","locations":[{"start":{"line":399,"column":12},"end":{"line":399,"column":26}},{"start":{"line":399,"column":26},"end":{"line":399,"column":62}}],"line":399},"29":{"loc":{"start":{"line":406,"column":16},"end":{"line":410,"column":null}},"type":"if","locations":[{"start":{"line":406,"column":16},"end":{"line":410,"column":null}},{"start":{},"end":{}}],"line":406},"30":{"loc":{"start":{"line":430,"column":27},"end":{"line":430,"column":54}},"type":"binary-expr","locations":[{"start":{"line":430,"column":27},"end":{"line":430,"column":51}},{"start":{"line":430,"column":51},"end":{"line":430,"column":54}}],"line":430},"31":{"loc":{"start":{"line":431,"column":28},"end":{"line":431,"column":57}},"type":"binary-expr","locations":[{"start":{"line":431,"column":28},"end":{"line":431,"column":53}},{"start":{"line":431,"column":53},"end":{"line":431,"column":57}}],"line":431},"32":{"loc":{"start":{"line":466,"column":8},"end":{"line":478,"column":null}},"type":"if","locations":[{"start":{"line":466,"column":8},"end":{"line":478,"column":null}},{"start":{},"end":{}}],"line":466},"33":{"loc":{"start":{"line":471,"column":12},"end":{"line":477,"column":null}},"type":"if","locations":[{"start":{"line":471,"column":12},"end":{"line":477,"column":null}},{"start":{},"end":{}}],"line":471},"34":{"loc":{"start":{"line":471,"column":16},"end":{"line":471,"column":61}},"type":"binary-expr","locations":[{"start":{"line":471,"column":16},"end":{"line":471,"column":41}},{"start":{"line":471,"column":41},"end":{"line":471,"column":61}}],"line":471},"35":{"loc":{"start":{"line":473,"column":16},"end":{"line":476,"column":null}},"type":"if","locations":[{"start":{"line":473,"column":16},"end":{"line":476,"column":null}},{"start":{},"end":{}}],"line":473},"36":{"loc":{"start":{"line":486,"column":22},"end":{"line":486,"column":null}},"type":"binary-expr","locations":[{"start":{"line":486,"column":22},"end":{"line":486,"column":40}},{"start":{"line":486,"column":40},"end":{"line":486,"column":null}}],"line":486},"37":{"loc":{"start":{"line":505,"column":8},"end":{"line":514,"column":null}},"type":"if","locations":[{"start":{"line":505,"column":8},"end":{"line":514,"column":null}},{"start":{},"end":{}}],"line":505},"38":{"loc":{"start":{"line":505,"column":12},"end":{"line":505,"column":46}},"type":"binary-expr","locations":[{"start":{"line":505,"column":12},"end":{"line":505,"column":24}},{"start":{"line":505,"column":24},"end":{"line":505,"column":46}}],"line":505},"39":{"loc":{"start":{"line":528,"column":12},"end":{"line":542,"column":null}},"type":"if","locations":[{"start":{"line":528,"column":12},"end":{"line":542,"column":null}},{"start":{},"end":{}}],"line":528},"40":{"loc":{"start":{"line":528,"column":16},"end":{"line":528,"column":53}},"type":"binary-expr","locations":[{"start":{"line":528,"column":16},"end":{"line":528,"column":24}},{"start":{"line":528,"column":24},"end":{"line":528,"column":53}}],"line":528},"41":{"loc":{"start":{"line":533,"column":16},"end":{"line":541,"column":null}},"type":"if","locations":[{"start":{"line":533,"column":16},"end":{"line":541,"column":null}},{"start":{"line":535,"column":16},"end":{"line":541,"column":null}}],"line":533},"42":{"loc":{"start":{"line":533,"column":20},"end":{"line":533,"column":45}},"type":"binary-expr","locations":[{"start":{"line":533,"column":20},"end":{"line":533,"column":32}},{"start":{"line":533,"column":32},"end":{"line":533,"column":45}}],"line":533},"43":{"loc":{"start":{"line":535,"column":16},"end":{"line":541,"column":null}},"type":"if","locations":[{"start":{"line":535,"column":16},"end":{"line":541,"column":null}},{"start":{"line":537,"column":16},"end":{"line":541,"column":null}}],"line":535},"44":{"loc":{"start":{"line":537,"column":16},"end":{"line":541,"column":null}},"type":"if","locations":[{"start":{"line":537,"column":16},"end":{"line":541,"column":null}},{"start":{"line":539,"column":16},"end":{"line":541,"column":null}}],"line":537},"45":{"loc":{"start":{"line":539,"column":16},"end":{"line":541,"column":null}},"type":"if","locations":[{"start":{"line":539,"column":16},"end":{"line":541,"column":null}},{"start":{},"end":{}}],"line":539},"46":{"loc":{"start":{"line":539,"column":27},"end":{"line":539,"column":64}},"type":"binary-expr","locations":[{"start":{"line":539,"column":27},"end":{"line":539,"column":39}},{"start":{"line":539,"column":39},"end":{"line":539,"column":64}}],"line":539},"47":{"loc":{"start":{"line":564,"column":27},"end":{"line":564,"column":55}},"type":"binary-expr","locations":[{"start":{"line":564,"column":27},"end":{"line":564,"column":51}},{"start":{"line":564,"column":51},"end":{"line":564,"column":55}}],"line":564},"48":{"loc":{"start":{"line":585,"column":72},"end":{"line":585,"column":100}},"type":"binary-expr","locations":[{"start":{"line":585,"column":72},"end":{"line":585,"column":89}},{"start":{"line":585,"column":89},"end":{"line":585,"column":100}}],"line":585},"49":{"loc":{"start":{"line":611,"column":8},"end":{"line":652,"column":null}},"type":"if","locations":[{"start":{"line":611,"column":8},"end":{"line":652,"column":null}},{"start":{},"end":{}}],"line":611},"50":{"loc":{"start":{"line":613,"column":33},"end":{"line":613,"column":null}},"type":"binary-expr","locations":[{"start":{"line":613,"column":33},"end":{"line":613,"column":51}},{"start":{"line":613,"column":51},"end":{"line":613,"column":null}}],"line":613},"51":{"loc":{"start":{"line":615,"column":12},"end":{"line":617,"column":null}},"type":"if","locations":[{"start":{"line":615,"column":12},"end":{"line":617,"column":null}},{"start":{},"end":{}}],"line":615},"52":{"loc":{"start":{"line":632,"column":12},"end":{"line":640,"column":null}},"type":"if","locations":[{"start":{"line":632,"column":12},"end":{"line":640,"column":null}},{"start":{},"end":{}}],"line":632},"53":{"loc":{"start":{"line":643,"column":12},"end":{"line":651,"column":null}},"type":"if","locations":[{"start":{"line":643,"column":12},"end":{"line":651,"column":null}},{"start":{},"end":{}}],"line":643},"54":{"loc":{"start":{"line":658,"column":29},"end":{"line":658,"column":null}},"type":"binary-expr","locations":[{"start":{"line":658,"column":29},"end":{"line":658,"column":47}},{"start":{"line":658,"column":47},"end":{"line":658,"column":null}}],"line":658},"55":{"loc":{"start":{"line":659,"column":26},"end":{"line":659,"column":null}},"type":"binary-expr","locations":[{"start":{"line":659,"column":26},"end":{"line":659,"column":46}},{"start":{"line":659,"column":46},"end":{"line":659,"column":64}},{"start":{"line":659,"column":64},"end":{"line":659,"column":null}}],"line":659},"56":{"loc":{"start":{"line":664,"column":25},"end":{"line":666,"column":null}},"type":"cond-expr","locations":[{"start":{"line":665,"column":18},"end":{"line":665,"column":null}},{"start":{"line":666,"column":18},"end":{"line":666,"column":null}}],"line":664},"57":{"loc":{"start":{"line":665,"column":43},"end":{"line":665,"column":72}},"type":"binary-expr","locations":[{"start":{"line":665,"column":43},"end":{"line":665,"column":63}},{"start":{"line":665,"column":63},"end":{"line":665,"column":72}}],"line":665},"58":{"loc":{"start":{"line":666,"column":48},"end":{"line":666,"column":77}},"type":"binary-expr","locations":[{"start":{"line":666,"column":48},"end":{"line":666,"column":68}},{"start":{"line":666,"column":68},"end":{"line":666,"column":77}}],"line":666},"59":{"loc":{"start":{"line":673,"column":4},"end":{"line":689,"column":null}},"type":"if","locations":[{"start":{"line":673,"column":4},"end":{"line":689,"column":null}},{"start":{},"end":{}}],"line":673},"60":{"loc":{"start":{"line":676,"column":12},"end":{"line":687,"column":null}},"type":"if","locations":[{"start":{"line":676,"column":12},"end":{"line":687,"column":null}},{"start":{},"end":{}}],"line":676},"61":{"loc":{"start":{"line":676,"column":16},"end":{"line":676,"column":82}},"type":"binary-expr","locations":[{"start":{"line":676,"column":16},"end":{"line":676,"column":25}},{"start":{"line":676,"column":25},"end":{"line":676,"column":53}},{"start":{"line":676,"column":53},"end":{"line":676,"column":82}}],"line":676},"62":{"loc":{"start":{"line":677,"column":33},"end":{"line":677,"column":null}},"type":"cond-expr","locations":[{"start":{"line":677,"column":52},"end":{"line":677,"column":88}},{"start":{"line":677,"column":88},"end":{"line":677,"column":null}}],"line":677},"63":{"loc":{"start":{"line":678,"column":37},"end":{"line":678,"column":null}},"type":"binary-expr","locations":[{"start":{"line":678,"column":37},"end":{"line":678,"column":55}},{"start":{"line":678,"column":55},"end":{"line":678,"column":null}}],"line":678},"64":{"loc":{"start":{"line":702,"column":12},"end":{"line":712,"column":null}},"type":"if","locations":[{"start":{"line":702,"column":12},"end":{"line":712,"column":null}},{"start":{"line":704,"column":12},"end":{"line":712,"column":null}}],"line":702},"65":{"loc":{"start":{"line":704,"column":12},"end":{"line":712,"column":null}},"type":"if","locations":[{"start":{"line":704,"column":12},"end":{"line":712,"column":null}},{"start":{"line":706,"column":12},"end":{"line":712,"column":null}}],"line":704},"66":{"loc":{"start":{"line":706,"column":12},"end":{"line":712,"column":null}},"type":"if","locations":[{"start":{"line":706,"column":12},"end":{"line":712,"column":null}},{"start":{"line":708,"column":12},"end":{"line":712,"column":null}}],"line":706},"67":{"loc":{"start":{"line":708,"column":12},"end":{"line":712,"column":null}},"type":"if","locations":[{"start":{"line":708,"column":12},"end":{"line":712,"column":null}},{"start":{"line":710,"column":19},"end":{"line":712,"column":null}}],"line":708}},"s":{"0":6,"1":6,"2":6,"3":6,"4":6,"5":6,"6":6,"7":6,"8":10,"9":6,"10":6,"11":6,"12":6,"13":5,"14":5,"15":10,"16":0,"17":5,"18":5,"19":5,"20":0,"21":6,"22":6,"23":10,"24":6,"25":3,"26":6,"27":6,"28":1,"29":3,"30":3,"31":2,"32":6,"33":6,"34":6,"35":6,"36":6,"37":6,"38":6,"39":10,"40":10,"41":10,"42":10,"43":10,"44":10,"45":0,"46":0,"47":6,"48":6,"49":6,"50":6,"51":6,"52":10,"53":10,"54":10,"55":10,"56":10,"57":6,"58":6,"59":0,"60":0,"61":6,"62":3,"63":3,"64":3,"65":3,"66":3,"67":3,"68":3,"69":6,"70":3,"71":6,"72":3,"73":3,"74":3,"75":3,"76":3,"77":3,"78":6,"79":6,"80":10,"81":10,"82":0,"83":3,"84":3,"85":3,"86":10,"87":6,"88":3,"89":0,"90":0,"91":6,"92":2,"93":2,"94":2,"95":2,"96":2,"97":2,"98":4,"99":2,"100":2,"101":2,"102":0,"103":0,"104":6,"105":2,"106":2,"107":2,"108":2,"109":2,"110":2,"111":2,"112":2,"113":4,"114":2,"115":2,"116":2,"117":2,"118":2,"119":2,"120":4,"121":0,"122":2,"123":2,"124":2,"125":2,"126":2,"127":39,"128":39,"129":2,"130":0,"131":0,"132":0,"133":0,"134":0,"135":0,"136":0,"137":0,"138":2,"139":37,"140":39,"141":39,"142":39,"143":39,"144":39,"145":2,"146":6,"147":2,"148":2,"149":2,"150":4,"151":2,"152":2,"153":2,"154":2,"155":2,"156":2,"157":4,"158":0,"159":2,"160":2,"161":2,"162":2,"163":12,"164":12,"165":12,"166":4,"167":12,"168":12,"169":12,"170":2,"171":4,"172":2,"173":2,"174":6,"175":2,"176":2,"177":2,"178":2,"179":2,"180":2,"181":2,"182":4,"183":2,"184":2,"185":2,"186":2,"187":2,"188":2,"189":4,"190":0,"191":2,"192":2,"193":2,"194":2,"195":2,"196":39,"197":39,"198":2,"199":0,"200":0,"201":0,"202":0,"203":0,"204":0,"205":0,"206":0,"207":0,"208":0,"209":0,"210":0,"211":0,"212":2,"213":37,"214":39,"215":2,"216":6,"217":2,"218":2,"219":2,"220":2,"221":2,"222":2,"223":2,"224":2,"225":4,"226":2,"227":2,"228":2,"229":2,"230":2,"231":2,"232":4,"233":0,"234":2,"235":2,"236":2,"237":2,"238":4,"239":2,"240":0,"241":0,"242":0,"243":0,"244":0,"245":0,"246":0,"247":0,"248":2,"249":4,"250":6,"251":4,"252":4,"253":0,"254":2,"255":6,"256":3,"257":3,"258":3,"259":3,"260":1,"261":2,"262":5,"263":2,"264":2,"265":2,"266":2,"267":2,"268":5,"269":4,"270":4,"271":4,"272":4,"273":0,"274":4,"275":2,"276":2,"277":1,"278":1,"279":1,"280":2,"281":2,"282":0,"283":0,"284":6,"285":3,"286":3,"287":3,"288":3,"289":3,"290":3,"291":6,"292":3,"293":6,"294":3,"295":3,"296":3,"297":3,"298":3,"299":3,"300":3,"301":3,"302":6,"303":6,"304":6,"305":0,"306":3,"307":3,"308":3,"309":0,"310":3,"311":3,"312":3,"313":6,"314":6,"315":6,"316":6,"317":6,"318":6,"319":6,"320":6,"321":6,"322":6,"323":6,"324":6,"325":0,"326":3,"327":0,"328":0,"329":0,"330":0,"331":3,"332":0,"333":0,"334":0,"335":0,"336":0,"337":0,"338":3,"339":15,"340":12,"341":12,"342":12,"343":12,"344":12,"345":6,"346":6,"347":0,"348":6,"349":0,"350":6,"351":6,"352":0,"353":12,"354":3},"f":{"0":6,"1":10,"2":10,"3":0,"4":0,"5":10,"6":3,"7":10,"8":10,"9":3,"10":6,"11":6,"12":6,"13":6,"14":10,"15":0,"16":10,"17":6,"18":2,"19":4,"20":2,"21":2,"22":4,"23":4,"24":0,"25":0,"26":37,"27":39,"28":2,"29":4,"30":4,"31":0,"32":12,"33":4,"34":2,"35":2,"36":4,"37":4,"38":0,"39":0,"40":37,"41":39,"42":2,"43":4,"44":4,"45":0,"46":4,"47":0,"48":4,"49":6,"50":4,"51":0,"52":3,"53":5,"54":5,"55":3,"56":6,"57":6,"58":3,"59":6,"60":6,"61":6,"62":0,"63":0,"64":6,"65":0,"66":15,"67":12},"b":{"0":[10,10,10],"1":[3,2],"2":[1,5],"3":[2,1],"4":[3,3,3,2],"5":[10,0],"6":[10,0],"7":[0,10],"8":[0,10],"9":[5,1],"10":[10,0],"11":[10,0],"12":[10,10],"13":[10,0],"14":[3,2],"15":[10,0],"16":[10,0],"17":[10,8],"18":[2,0],"19":[2,1],"20":[0,0],"21":[0,0],"22":[39,0],"23":[12,0],"24":[12,0],"25":[4,8],"26":[2,1],"27":[0,0],"28":[0,0],"29":[0,0],"30":[2,1],"31":[2,2],"32":[0,0],"33":[0,0],"34":[0,0],"35":[0,0],"36":[4,0],"37":[1,2],"38":[3,2],"39":[4,1],"40":[5,5],"41":[0,4],"42":[4,1],"43":[2,2],"44":[1,1],"45":[1,0],"46":[1,1],"47":[3,2],"48":[6,0],"49":[6,0],"50":[6,0],"51":[6,0],"52":[6,0],"53":[0,6],"54":[0,0],"55":[0,0,0],"56":[0,0],"57":[0,0],"58":[0,0],"59":[0,3],"60":[0,0],"61":[0,0,0],"62":[0,0],"63":[0,0],"64":[6,6],"65":[0,6],"66":[0,6],"67":[6,0]},"meta":{"lastBranch":68,"lastFunction":68,"lastStatement":355,"seen":{"s:7:18:7:Infinity":0,"s:19:0:131:Infinity":1,"f:19:24:19:31":0,"s:20:23:20:Infinity":2,"s:21:18:21:Infinity":3,"s:22:15:22:Infinity":4,"s:24:4:130:Infinity":5,"s:26:27:26:Infinity":6,"s:27:28:27:Infinity":7,"f:27:43:27:48":1,"s:27:48:27:52":8,"s:30:26:30:Infinity":9,"s:31:32:31:Infinity":10,"s:33:8:41:Infinity":11,"s:33:21:33:24":12,"s:34:26:34:Infinity":13,"s:35:34:38:Infinity":14,"f:35:44:35:Infinity":2,"s:36:16:37:Infinity":15,"f:37:27:37:33":3,"s:37:33:37:35":16,"s:39:33:39:Infinity":17,"s:40:12:40:Infinity":18,"s:44:40:47:Infinity":19,"f:45:42:45:48":4,"s:45:48:45:50":20,"s:50:14:50:Infinity":21,"s:51:35:53:Infinity":22,"f:51:58:51:63":5,"s:52:12:52:Infinity":23,"b:52:19:52:47:52:47:52:76:52:76:52:Infinity":0,"s:56:32:58:Infinity":24,"f:57:12:57:17":6,"s:57:17:57:Infinity":25,"b:57:17:57:43:57:43:57:Infinity":1,"s:61:25:61:Infinity":26,"b:62:8:69:Infinity:undefined:undefined:undefined:undefined":2,"s:62:8:69:Infinity":27,"s:63:12:68:Infinity":28,"s:64:29:64:Infinity":29,"b:65:16:67:Infinity:undefined:undefined:undefined:undefined":3,"s:65:16:67:Infinity":30,"b:65:20:65:28:65:28:65:60:65:60:65:88:65:88:65:117":4,"s:66:20:66:Infinity":31,"s:72:20:72:Infinity":32,"s:73:29:73:Infinity":33,"s:74:27:74:Infinity":34,"s:75:28:75:Infinity":35,"s:77:34:77:Infinity":36,"s:78:37:78:Infinity":37,"s:80:8:94:Infinity":38,"f:80:32:80:47":7,"b:81:12:93:Infinity:undefined:undefined:undefined:undefined":5,"s:81:12:93:Infinity":39,"s:82:32:82:Infinity":40,"s:83:33:83:Infinity":41,"s:86:37:86:Infinity":42,"b:86:62:86:72:86:72:86:Infinity":6,"s:87:35:87:Infinity":43,"b:87:59:87:70:87:70:87:Infinity":7,"b:89:16:92:Infinity:undefined:undefined:undefined:undefined":8,"s:89:16:92:Infinity":44,"s:90:35:90:Infinity":45,"s:91:20:91:Infinity":46,"s:96:30:98:Infinity":47,"b:97:14:97:Infinity:98:14:98:Infinity":9,"s:101:30:101:Infinity":48,"s:102:8:102:Infinity":49,"s:104:27:104:Infinity":50,"s:105:8:115:Infinity":51,"f:105:32:105:47":8,"b:106:12:114:Infinity:undefined:undefined:undefined:undefined":10,"s:106:12:114:Infinity":52,"s:107:32:107:Infinity":53,"s:108:33:108:Infinity":54,"b:111:16:113:Infinity:undefined:undefined:undefined:undefined":11,"s:111:16:113:Infinity":55,"b:111:20:111:49:111:49:111:65":12,"s:112:20:112:Infinity":56,"b:112:36:112:63:112:63:112:Infinity":13,"s:117:38:124:Infinity":57,"s:126:8:126:Infinity":58,"s:128:8:128:Infinity":59,"s:129:8:129:Infinity":60,"s:134:0:200:Infinity":61,"f:134:27:134:34":9,"s:135:23:135:Infinity":62,"s:136:18:136:Infinity":63,"b:136:27:136:51:136:51:136:55":14,"s:138:4:199:Infinity":64,"s:139:14:139:Infinity":65,"s:140:25:140:Infinity":66,"s:143:27:143:Infinity":67,"s:144:28:144:Infinity":68,"f:144:51:144:56":10,"s:144:56:144:65":69,"s:145:28:145:Infinity":70,"f:145:43:145:48":11,"s:145:48:145:52":71,"s:148:26:148:Infinity":72,"s:159:13:159:Infinity":73,"s:161:8:187:Infinity":74,"s:161:21:161:24":75,"s:162:26:162:Infinity":76,"s:163:34:184:Infinity":77,"f:163:44:163:Infinity":12,"s:164:16:183:Infinity":78,"f:168:24:168:Infinity":13,"s:169:20:182:Infinity":79,"f:169:37:169:42":14,"s:170:41:170:Infinity":80,"s:171:24:181:Infinity":81,"b:179:43:179:61:179:61:179:Infinity":15,"b:180:43:180:70:180:70:180:Infinity":16,"f:183:24:183:30":15,"s:183:30:183:32":82,"s:185:33:185:Infinity":83,"s:186:12:186:Infinity":84,"s:190:25:193:Infinity":85,"f:191:20:191:25":16,"s:191:25:191:77":86,"b:191:25:191:53:191:53:191:77":17,"f:192:18:192:19":17,"s:192:28:192:101":87,"s:195:8:195:Infinity":88,"s:197:8:197:Infinity":89,"s:198:8:198:Infinity":90,"s:203:0:230:Infinity":91,"f:203:33:203:40":18,"s:204:23:204:Infinity":92,"s:205:18:205:Infinity":93,"s:207:4:229:Infinity":94,"s:208:14:208:Infinity":95,"s:211:35:214:Infinity":96,"s:217:28:217:Infinity":97,"f:217:51:217:56":19,"s:217:56:217:65":98,"s:220:29:223:Infinity":99,"f:220:38:220:46":20,"s:220:46:223:10":100,"b:222:27:222:69:222:69:222:Infinity":18,"s:225:8:225:Infinity":101,"s:227:8:227:Infinity":102,"s:228:8:228:Infinity":103,"s:233:0:303:Infinity":104,"f:233:35:233:42":21,"s:234:23:234:Infinity":105,"s:235:17:235:Infinity":106,"b:235:26:235:49:235:49:235:53":19,"s:238:20:238:Infinity":107,"s:239:22:239:Infinity":108,"s:240:4:240:Infinity":109,"s:243:23:243:Infinity":110,"s:244:28:244:Infinity":111,"s:245:24:245:Infinity":112,"f:245:39:245:44":22,"s:245:44:245:48":113,"s:248:22:248:Infinity":114,"s:249:28:249:Infinity":115,"s:251:4:259:Infinity":116,"s:251:17:251:20":117,"s:252:22:252:Infinity":118,"s:253:30:256:Infinity":119,"f:253:40:253:Infinity":23,"s:254:12:255:Infinity":120,"f:255:23:255:29":24,"s:255:29:255:31":121,"s:257:29:257:Infinity":122,"s:258:8:258:Infinity":123,"s:262:26:262:Infinity":124,"s:265:4:268:Infinity":125,"s:265:17:265:38":126,"s:266:24:266:Infinity":127,"s:267:8:267:Infinity":128,"s:271:4:283:Infinity":129,"f:271:28:271:43":25,"b:272:8:282:Infinity:undefined:undefined:undefined:undefined":20,"s:272:8:282:Infinity":130,"s:273:28:273:Infinity":131,"s:274:29:274:Infinity":132,"s:276:12:281:Infinity":133,"s:276:25:276:44":134,"s:277:32:277:Infinity":135,"b:278:16:280:Infinity:undefined:undefined:undefined:undefined":21,"s:278:16:280:Infinity":136,"s:279:20:279:Infinity":137,"s:286:19:300:Infinity":138,"f:287:14:287:15":26,"s:287:24:287:48":139,"f:288:13:288:14":27,"s:289:25:289:Infinity":140,"s:290:26:290:Infinity":141,"s:291:24:291:Infinity":142,"s:292:25:294:Infinity":143,"b:293:18:293:Infinity:294:18:294:Infinity":22,"s:296:12:299:Infinity":144,"s:302:4:302:Infinity":145,"s:306:0:354:Infinity":146,"f:306:34:306:41":28,"s:307:23:307:Infinity":147,"s:310:23:310:Infinity":148,"s:311:24:311:Infinity":149,"f:311:39:311:44":29,"s:311:44:311:48":150,"s:314:22:314:Infinity":151,"s:315:28:315:Infinity":152,"s:317:4:325:Infinity":153,"s:317:17:317:20":154,"s:318:22:318:Infinity":155,"s:319:30:322:Infinity":156,"f:319:40:319:Infinity":30,"s:320:12:321:Infinity":157,"f:321:23:321:29":31,"s:321:29:321:31":158,"s:323:29:323:Infinity":159,"s:324:8:324:Infinity":160,"s:328:22:328:Infinity":161,"s:330:4:342:Infinity":162,"f:330:28:330:43":32,"b:331:8:341:Infinity:undefined:undefined:undefined:undefined":23,"s:331:8:341:Infinity":163,"s:332:29:332:Infinity":164,"b:332:29:332:53:332:53:332:Infinity":24,"b:334:12:336:Infinity:undefined:undefined:undefined:undefined":25,"s:334:12:336:Infinity":165,"s:335:16:335:Infinity":166,"s:338:27:338:Infinity":167,"s:339:12:339:Infinity":168,"s:340:12:340:Infinity":169,"s:345:19:351:Infinity":170,"f:346:13:346:14":33,"s:346:32:350:10":171,"f:351:14:351:15":34,"s:351:24:351:41":172,"s:353:4:353:Infinity":173,"s:357:0:425:Infinity":174,"f:357:33:357:40":35,"s:358:23:358:Infinity":175,"s:359:17:359:Infinity":176,"b:359:26:359:49:359:49:359:53":26,"s:362:20:362:Infinity":177,"s:363:22:363:Infinity":178,"s:364:4:364:Infinity":179,"s:367:23:367:Infinity":180,"s:368:24:368:Infinity":181,"f:368:39:368:44":36,"s:368:44:368:48":182,"s:371:22:371:Infinity":183,"s:372:28:372:Infinity":184,"s:374:4:382:Infinity":185,"s:374:17:374:20":186,"s:375:22:375:Infinity":187,"s:376:30:379:Infinity":188,"f:376:40:376:Infinity":37,"s:377:12:378:Infinity":189,"f:378:23:378:29":38,"s:378:29:378:31":190,"s:380:29:380:Infinity":191,"s:381:8:381:Infinity":192,"s:385:22:385:Infinity":193,"s:388:4:391:Infinity":194,"s:388:17:388:38":195,"s:389:24:389:Infinity":196,"s:390:8:390:Infinity":197,"s:394:4:413:Infinity":198,"f:394:28:394:43":39,"s:395:24:395:Infinity":199,"s:396:25:396:Infinity":200,"s:397:23:397:Infinity":201,"b:399:8:412:Infinity:undefined:undefined:undefined:undefined":27,"s:399:8:412:Infinity":202,"b:399:12:399:26:399:26:399:62":28,"s:400:36:400:Infinity":203,"s:401:35:401:Infinity":204,"s:404:12:411:Infinity":205,"s:404:25:404:44":206,"s:405:32:405:Infinity":207,"b:406:16:410:Infinity:undefined:undefined:undefined:undefined":29,"s:406:16:410:Infinity":208,"s:407:32:407:Infinity":209,"s:408:20:408:Infinity":210,"s:409:20:409:Infinity":211,"s:416:19:422:Infinity":212,"f:417:14:417:15":40,"s:417:24:417:48":213,"f:418:13:418:14":41,"s:418:32:422:10":214,"s:424:4:424:Infinity":215,"s:428:0:496:Infinity":216,"f:428:39:428:46":42,"s:429:23:429:Infinity":217,"s:430:18:430:Infinity":218,"b:430:27:430:51:430:51:430:54":30,"s:431:19:431:Infinity":219,"b:431:28:431:53:431:53:431:57":31,"s:434:20:434:Infinity":220,"s:435:22:435:Infinity":221,"s:436:4:436:Infinity":222,"s:439:23:439:Infinity":223,"s:440:24:440:Infinity":224,"f:440:39:440:44":43,"s:440:44:440:48":225,"s:443:22:443:Infinity":226,"s:444:28:444:Infinity":227,"s:446:4:454:Infinity":228,"s:446
[...]
":[13,0]},"meta":{"lastBranch":58,"lastFunction":16,"lastStatement":85,"seen":{"f:56:4:56:16":0,"s:57:8:57:Infinity":0,"s:58:8:58:Infinity":1,"s:59:8:59:Infinity":2,"b:59:23:59:50:59:50:59:Infinity":0,"f:62:18:62:Infinity":1,"b:64:57:64:Infinity":1,"s:66:49:66:Infinity":3,"b:66:22:66:27":2,"b:66:39:66:45":3,"s:67:25:67:Infinity":4,"b:70:8:75:Infinity:undefined:undefined:undefined:undefined":4,"s:70:8:75:Infinity":5,"s:71:27:71:Infinity":6,"b:72:12:74:Infinity:undefined:undefined:undefined:undefined":5,"s:72:12:74:Infinity":7,"s:73:16:73:Infinity":8,"s:78:25:83:Infinity":9,"b:85:8:88:Infinity:undefined:undefined:undefined:undefined":6,"s:85:8:88:Infinity":10,"s:86:26:86:Infinity":11,"s:87:12:87:Infinity":12,"s:90:22:90:Infinity":13,"s:93:8:95:Infinity":14,"s:97:8:97:Infinity":15,"f:100:10:100:47":2,"s:101:25:101:Infinity":16,"s:104:23:104:Infinity":17,"b:105:8:107:Infinity:undefined:undefined:undefined:undefined":7,"s:105:8:107:Infinity":18,"s:106:12:106:Infinity":19,"s:110:8:110:Infinity":20,"s:113:23:113:Infinity":21,"s:114:8:114:Infinity":22,"b:114:15:114:39:114:39:114:Infinity":8,"f:117:10:117:22":3,"s:118:8:141:Infinity":23,"s:119:29:119:Infinity":24,"s:120:22:120:Infinity":25,"s:122:12:138:Infinity":26,"b:125:22:125:32:125:32:125:46:125:46:125:Infinity":9,"b:126:31:126:50:126:50:126:Infinity":10,"b:130:26:130:40:130:40:130:Infinity":11,"b:131:27:131:42:131:42:131:Infinity":12,"b:132:28:132:45:132:45:132:61:132:61:132:Infinity":13,"b:133:31:133:50:133:50:133:Infinity":14,"b:134:32:134:52:134:52:134:Infinity":15,"b:135:48:135:59:135:59:135:Infinity":16,"s:140:12:140:Infinity":27,"f:144:10:144:26":4,"s:149:28:149:Infinity":28,"b:150:8:150:Infinity:undefined:undefined:undefined:undefined":17,"s:150:8:150:Infinity":29,"s:150:26:150:Infinity":30,"b:151:8:151:Infinity:undefined:undefined:undefined:undefined":18,"s:151:8:151:Infinity":31,"s:151:24:151:Infinity":32,"b:152:8:152:Infinity:undefined:undefined:undefined:undefined":19,"s:152:8:152:Infinity":33,"s:152:33:152:Infinity":34,"s:154:22:154:Infinity":35,"s:155:25:155:Infinity":36,"b:155:49:155:63:155:63:155:65":20,"s:157:25:157:Infinity":37,"s:159:8:176:Infinity":38,"f:159:33:159:34":5,"s:159:46:176:10":39,"b:163:31:163:41:163:41:163:64:163:64:163:Infinity":21,"b:164:22:164:51:164:51:164:Infinity":22,"b:165:27:165:45:165:45:165:Infinity":23,"b:166:28:166:48:166:48:166:Infinity":24,"b:170:25:170:43:170:43:170:60:170:60:170:Infinity":25,"b:171:25:171:54:171:54:171:71:171:71:171:Infinity":26,"b:172:27:172:56:172:56:172:75:172:75:172:Infinity":27,"b:173:22:173:48:173:48:173:Infinity":28,"b:174:20:174:32:174:32:174:Infinity":29,"f:179:10:179:25":6,"s:180:8:204:Infinity":40,"s:181:29:181:Infinity":41,"s:182:22:182:Infinity":42,"s:184:12:201:Infinity":43,"b:188:35:188:45:188:45:188:68:188:68:188:Infinity":30,"b:189:26:189:55:189:55:189:Infinity":31,"b:190:31:190:49:190:49:190:Infinity":32,"b:191:32:191:52:191:52:191:Infinity":33,"b:195:29:195:47:195:47:195:64:195:64:195:Infinity":34,"b:196:29:196:58:196:58:196:75:196:75:196:Infinity":35,"b:197:31:197:60:197:60:197:79:197:79:197:Infinity":36,"b:198:26:198:52:198:52:198:Infinity":37,"b:199:24:199:36:199:36:199:Infinity":38,"s:203:12:203:Infinity":44,"f:207:12:207:26":7,"b:208:8:208:Infinity:undefined:undefined:undefined:undefined":39,"s:208:8:208:Infinity":45,"s:208:22:208:Infinity":46,"b:209:8:209:Infinity:undefined:undefined:undefined:undefined":40,"s:209:8:209:Infinity":47,"s:209:41:209:Infinity":48,"s:211:22:216:Infinity":49,"s:218:8:218:Infinity":50,"f:221:12:221:28":8,"b:222:8:222:Infinity:undefined:undefined:undefined:undefined":41,"s:222:8:222:Infinity":51,"s:222:20:222:Infinity":52,"b:223:8:223:Infinity:undefined:undefined:undefined:undefined":42,"s:223:8:223:Infinity":53,"s:223:24:223:Infinity":54,"s:224:8:224:Infinity":55,"b:224:15:224:80:224:80:224:Infinity":43,"f:230:18:230:Infinity":9,"b:232:26:232:Infinity":44,"s:234:29:234:Infinity":56,"s:235:42:235:Infinity":57,"s:237:8:259:Infinity":58,"s:238:29:243:Infinity":59,"b:245:12:248:Infinity:undefined:undefined:undefined:undefined":45,"s:245:12:248:Infinity":60,"s:246:30:246:Infinity":61,"s:247:16:247:Infinity":62,"s:250:27:250:Infinity":63,"s:251:12:251:Infinity":64,"s:253:12:253:Infinity":65,"b:256:12:258:Infinity:undefined:undefined:undefined:undefined":46,"s:256:12:258:Infinity":66,"s:257:16:257:Infinity":67,"f:257:34:257:45":10,"s:257:45:257:73":68,"s:261:8:261:Infinity":69,"f:267:12:267:34":11,"s:268:22:268:Infinity":70,"b:270:8:272:Infinity:undefined:undefined:undefined:undefined":47,"s:270:8:272:Infinity":71,"b:270:12:270:21:270:21:270:31":48,"s:271:12:271:Infinity":72,"s:274:8:274:Infinity":73,"f:280:12:280:32":12,"s:281:8:286:Infinity":74,"f:281:33:281:45":13,"s:282:25:282:Infinity":75,"b:282:25:282:42:282:42:282:63:282:63:282:Infinity":49,"s:285:12:285:Infinity":76,"f:292:10:292:Infinity":14,"s:298:30:298:Infinity":77,"s:301:35:301:Infinity":78,"s:304:27:320:Infinity":79,"f:304:50:304:51":15,"s:304:63:320:10":80,"b:307:18:307:28:307:28:307:42:307:42:307:Infinity":50,"b:308:27:308:46:308:46:308:Infinity":51,"b:312:22:312:36:312:36:312:Infinity":52,"b:313:23:313:38:313:38:313:Infinity":53,"b:314:24:314:41:314:41:314:57:314:57:314:Infinity":54,"b:315:27:315:46:315:46:315:Infinity":55,"b:316:28:316:48:316:48:316:Infinity":56,"b:317:44:317:55:317:55:317:Infinity":57,"s:323:25:323:Infinity":81,"s:324:8:326:Infinity":82,"s:329:8:335:Infinity":83,"s:337:8:341:Infinity":84}}}
,"/Volumes/madara/2026/Coproperty/dashboard-0.1/workers/src/services/turno.ts": {"path":"/Volumes/madara/2026/Coproperty/dashboard-0.1/workers/src/services/turno.ts","statementMap":{"0":{"start":{"line":33,"column":8},"end":{"line":33,"column":null}},"1":{"start":{"line":34,"column":8},"end":{"line":34,"column":null}},"2":{"start":{"line":35,"column":8},"end":{"line":35,"column":null}},"3":{"start":{"line":42,"column":70},"end":{"line":42,"column":null}},"4":{"start":{"line":43,"column":25},"end":{"line":43,"column":null}},"5":{"start":{"line":46,"column":8},"end":{"line":51,"column":null}},"6":{"start":{"line":47,"column":27},"end":{"line":47,"column":null}},"7":{"start":{"line":48,"column":12},"end":{"line":50,"column":null}},"8":{"start":{"line":49,"column":16},"end":{"line":49,"column":null}},"9":{"start":{"line":53,"column":25},"end":{"line":64,"column":null}},"10":{"start":{"line":66,"column":8},"end":{"line":69,"column":null}},"11":{"start":{"line":67,"column":26},"end":{"line":67,"column":null}},"12":{"start":{"line":68,"column":12},"end":{"line":68,"column":null}},"13":{"start":{"line":71,"column":22},"end":{"line":71,"column":null}},"14":{"start":{"line":74,"column":8},"end":{"line":78,"column":null}},"15":{"start":{"line":75,"column":12},"end":{"line":77,"column":null}},"16":{"start":{"line":80,"column":8},"end":{"line":80,"column":null}},"17":{"start":{"line":88,"column":28},"end":{"line":88,"column":null}},"18":{"start":{"line":89,"column":8},"end":{"line":89,"column":null}},"19":{"start":{"line":89,"column":26},"end":{"line":89,"column":null}},"20":{"start":{"line":90,"column":8},"end":{"line":90,"column":null}},"21":{"start":{"line":90,"column":33},"end":{"line":90,"column":null}},"22":{"start":{"line":91,"column":8},"end":{"line":91,"column":null}},"23":{"start":{"line":91,"column":28},"end":{"line":91,"column":null}},"24":{"start":{"line":93,"column":22},"end":{"line":93,"column":null}},"25":{"start":{"line":94,"column":25},"end":{"line":94,"column":null}},"26":{"start":{"line":96,"column":8},"end":{"line":104,"column":null}},"27":{"start":{"line":97,"column":29},"end":{"line":97,"column":null}},"28":{"start":{"line":99,"column":12},"end":{"line":99,"column":null}},"29":{"start":{"line":99,"column":51},"end":{"line":99,"column":67}},"30":{"start":{"line":102,"column":12},"end":{"line":102,"column":null}},"31":{"start":{"line":103,"column":12},"end":{"line":103,"column":null}},"32":{"start":{"line":108,"column":8},"end":{"line":113,"column":null}},"33":{"start":{"line":109,"column":29},"end":{"line":109,"column":null}},"34":{"start":{"line":110,"column":12},"end":{"line":110,"column":null}},"35":{"start":{"line":112,"column":12},"end":{"line":112,"column":null}},"36":{"start":{"line":120,"column":8},"end":{"line":134,"column":null}},"37":{"start":{"line":122,"column":12},"end":{"line":122,"column":null}},"38":{"start":{"line":123,"column":12},"end":{"line":123,"column":null}},"39":{"start":{"line":125,"column":29},"end":{"line":129,"column":null}},"40":{"start":{"line":131,"column":12},"end":{"line":131,"column":null}},"41":{"start":{"line":133,"column":12},"end":{"line":133,"column":null}},"42":{"start":{"line":138,"column":8},"end":{"line":156,"column":null}},"43":{"start":{"line":160,"column":65},"end":{"line":169,"column":null}},"44":{"start":{"line":170,"column":8},"end":{"line":170,"column":null}}},"fnMap":{"0":{"name":"(anonymous_0)","decl":{"start":{"line":32,"column":4},"end":{"line":32,"column":16}},"loc":{"start":{"line":32,"column":31},"end":{"line":36,"column":null}},"line":32},"1":{"name":"(anonymous_1)","decl":{"start":{"line":38,"column":18},"end":{"line":38,"column":null}},"loc":{"start":{"line":41,"column":18},"end":{"line":81,"column":null}},"line":41},"2":{"name":"(anonymous_2)","decl":{"start":{"line":83,"column":10},"end":{"line":83,"column":26}},"loc":{"start":{"line":87,"column":31},"end":{"line":105,"column":null}},"line":87},"3":{"name":"(anonymous_3)","decl":{"start":{"line":99,"column":37},"end":{"line":99,"column":38}},"loc":{"start":{"line":99,"column":51},"end":{"line":99,"column":67}},"line":99},"4":{"name":"(anonymous_4)","decl":{"start":{"line":107,"column":10},"end":{"line":107,"column":25}},"loc":{"start":{"line":107,"column":66},"end":{"line":114,"column":null}},"line":107},"5":{"name":"(anonymous_5)","decl":{"start":{"line":116,"column":10},"end":{"line":116,"column":null}},"loc":{"start":{"line":119,"column":35},"end":{"line":135,"column":null}},"line":119},"6":{"name":"(anonymous_6)","decl":{"start":{"line":137,"column":12},"end":{"line":137,"column":19}},"loc":{"start":{"line":137,"column":42},"end":{"line":157,"column":null}},"line":137},"7":{"name":"(anonymous_7)","decl":{"start":{"line":159,"column":12},"end":{"line":159,"column":22}},"loc":{"start":{"line":159,"column":61},"end":{"line":171,"column":null}},"line":159}},"branchMap":{"0":{"loc":{"start":{"line":35,"column":23},"end":{"line":35,"column":null}},"type":"binary-expr","locations":[{"start":{"line":35,"column":23},"end":{"line":35,"column":45}},{"start":{"line":35,"column":45},"end":{"line":35,"column":null}}],"line":35},"1":{"loc":{"start":{"line":40,"column":8},"end":{"line":40,"column":null}},"type":"default-arg","locations":[{"start":{"line":40,"column":86},"end":{"line":40,"column":null}}],"line":40},"2":{"loc":{"start":{"line":42,"column":16},"end":{"line":42,"column":32}},"type":"default-arg","locations":[{"start":{"line":42,"column":25},"end":{"line":42,"column":32}}],"line":42},"3":{"loc":{"start":{"line":42,"column":38},"end":{"line":42,"column":48}},"type":"default-arg","locations":[{"start":{"line":42,"column":44},"end":{"line":42,"column":48}}],"line":42},"4":{"loc":{"start":{"line":42,"column":48},"end":{"line":42,"column":66}},"type":"default-arg","locations":[{"start":{"line":42,"column":60},"end":{"line":42,"column":66}}],"line":42},"5":{"loc":{"start":{"line":46,"column":8},"end":{"line":51,"column":null}},"type":"if","locations":[{"start":{"line":46,"column":8},"end":{"line":51,"column":null}},{"start":{},"end":{}}],"line":46},"6":{"loc":{"start":{"line":46,"column":12},"end":{"line":46,"column":44}},"type":"binary-expr","locations":[{"start":{"line":46,"column":12},"end":{"line":46,"column":32}},{"start":{"line":46,"column":32},"end":{"line":46,"column":44}}],"line":46},"7":{"loc":{"start":{"line":48,"column":12},"end":{"line":50,"column":null}},"type":"if","locations":[{"start":{"line":48,"column":12},"end":{"line":50,"column":null}},{"start":{},"end":{}}],"line":48},"8":{"loc":{"start":{"line":63,"column":18},"end":{"line":63,"column":null}},"type":"cond-expr","locations":[{"start":{"line":63,"column":25},"end":{"line":63,"column":48}},{"start":{"line":63,"column":48},"end":{"line":63,"column":null}}],"line":63},"9":{"loc":{"start":{"line":66,"column":8},"end":{"line":69,"column":null}},"type":"if","locations":[{"start":{"line":66,"column":8},"end":{"line":69,"column":null}},{"start":{},"end":{}}],"line":66},"10":{"loc":{"start":{"line":74,"column":8},"end":{"line":78,"column":null}},"type":"if","locations":[{"start":{"line":74,"column":8},"end":{"line":78,"column":null}},{"start":{},"end":{}}],"line":74},"11":{"loc":{"start":{"line":89,"column":8},"end":{"line":89,"column":null}},"type":"if","locations":[{"start":{"line":89,"column":8},"end":{"line":89,"column":null}},{"start":{},"end":{}}],"line":89},"12":{"loc":{"start":{"line":90,"column":8},"end":{"line":90,"column":null}},"type":"if","locations":[{"start":{"line":90,"column":8},"end":{"line":90,"column":null}},{"start":{},"end":{}}],"line":90},"13":{"loc":{"start":{"line":91,"column":8},"end":{"line":91,"column":null}},"type":"if","locations":[{"start":{"line":91,"column":8},"end":{"line":91,"column":null}},{"start":{},"end":{}}],"line":91},"14":{"loc":{"start":{"line":94,"column":33},"end":{"line":94,"column":57}},"type":"cond-expr","locations":[{"start":{"line":94,"column":41},"end":{"line":94,"column":55}},{"start":{"line":94,"column":55},"end":{"line":94,"column":57}}],"line":94},"15":{"loc":{"start":{"line":139,"column":16},"end":{"line":139,"column":null}},"type":"binary-expr","locations":[{"start":{"line":139,"column":16},"end":{"line":139,"column":26}},{"start":{"line":139,"column":26},"end":{"line":139,"column":null}}],"line":139},"16":{"loc":{"start":{"line":140,"column":22},"end":{"line":140,"column":null}},"type":"binary-expr","locations":[{"start":{"line":140,"column":22},"end":{"line":140,"column":32}},{"start":{"line":140,"column":32},"end":{"line":140,"column":null}}],"line":140},"17":{"loc":{"start":{"line":141,"column":25},"end":{"line":141,"column":null}},"type":"binary-expr","locations":[{"start":{"line":141,"column":25},"end":{"line":141,"column":44}},{"start":{"line":141,"column":44},"end":{"line":141,"column":null}}],"line":141},"18":{"loc":{"start":{"line":144,"column":28},"end":{"line":144,"column":null}},"type":"binary-expr","locations":[{"start":{"line":144,"column":28},"end":{"line":144,"column":40}},{"start":{"line":144,"column":40},"end":{"line":144,"column":null}}],"line":144},"19":{"loc":{"start":{"line":145,"column":28},"end":{"line":145,"column":null}},"type":"binary-expr","locations":[{"start":{"line":145,"column":28},"end":{"line":145,"column":40}},{"start":{"line":145,"column":40},"end":{"line":145,"column":null}}],"line":145},"20":{"loc":{"start":{"line":146,"column":27},"end":{"line":146,"column":null}},"type":"binary-expr","locations":[{"start":{"line":146,"column":27},"end":{"line":146,"column":43}},{"start":{"line":146,"column":43},"end":{"line":146,"column":null}}],"line":146},"21":{"loc":{"start":{"line":147,"column":26},"end":{"line":147,"column":null}},"type":"binary-expr","locations":[{"start":{"line":147,"column":26},"end":{"line":147,"column":47}},{"start":{"line":147,"column":47},"end":{"line":147,"column":null}}],"line":147},"22":{"loc":{"start":{"line":148,"column":27},"end":{"line":148,"column":null}},"type":"binary-expr","locations":[{"start":{"line":148,"column":27},"end":{"line":148,"column":49}},{"start":{"line":148,"column":49},"end":{"line":148,"column":null}}],"line":148},"23":{"loc":{"start":{"line":153,"column":33},"end":{"line":153,"column":null}},"type":"binary-expr","locations":[{"start":{"line":153,"column":33},"end":{"line":153,"column":59}},{"start":{"line":153,"column":59},"end":{"line":153,"column":null}}],"line":153},"24":{"loc":{"start":{"line":154,"column":25},"end":{"line":154,"column":null}},"type":"binary-expr","locations":[{"start":{"line":154,"column":25},"end":{"line":154,"column":45}},{"start":{"line":154,"column":45},"end":{"line":154,"column":64}},{"start":{"line":154,"column":64},"end":{"line":154,"column":null}}],"line":154},"25":{"loc":{"start":{"line":155,"column":29},"end":{"line":155,"column":null}},"type":"binary-expr","locations":[{"start":{"line":155,"column":29},"end":{"line":155,"column":43}},{"start":{"line":155,"column":43},"end":{"line":155,"column":66}},{"start":{"line":155,"column":66},"end":{"line":155,"column":null}}],"line":155},"26":{"loc":{"start":{"line":170,"column":15},"end":{"line":170,"column":null}},"type":"binary-expr","locations":[{"start":{"line":170,"column":15},"end":{"line":170,"column":51}},{"start":{"line":170,"column":51},"end":{"line":170,"column":null}}],"line":170}},"s":{"0":69,"1":69,"2":69,"3":62,"4":62,"5":62,"6":49,"7":49,"8":0,"9":62,"10":60,"11":8,"12":8,"13":52,"14":52,"15":41,"16":52,"17":29,"18":29,"19":4,"20":29,"21":2,"22":29,"23":2,"24":29,"25":29,"26":29,"27":29,"28":24,"29":18,"30":5,"31":5,"32":20,"33":20,"34":17,"35":3,"36":13,"37":13,"38":13,"39":13,"40":11,"41":2,"42":46,"43":46,"44":46},"f":{"0":69,"1":62,"2":29,"3":18,"4":20,"5":13,"6":46,"7":46},"b":{"0":[69,0],"1":[62],"2":[62],"3":[62],"4":[62],"5":[49,13],"6":[62,49],"7":[0,49],"8":[13,49],"9":[8,52],"10":[41,11],"11":[4,25],"12":[2,27],"13":[2,27],"14":[8,21],"15":[46,1],"16":[46,1],"17":[46,1],"18":[46,1],"19":[46,2],"20":[46,2],"21":[46,2],"22":[46,2],"23":[46,45],"24":[46,45,44],"25":[46,2,1],"26":[46,2]},"meta":{"lastBranch":27,"lastFunction":8,"lastStatement":45,"seen":{"f:32:4:32:16":0,"s:33:8:33:Infinity":0,"s:34:8:34:Infinity":1,"s:35:8:35:Infinity":2,"b:35:23:35:45:35:45:35:Infinity":0,"f:38:18:38:Infinity":1,"b:40:86:40:Infinity":1,"s:42:70:42:Infinity":3,"b:42:25:42:32":2,"b:42:44:42:48":3,"b:42:60:42:66":4,"s:43:25:43:Infinity":4,"b:46:8:51:Infinity:undefined:undefined:undefined:undefined":5,"s:46:8:51:Infinity":5,"b:46:12:46:32:46:32:46:44":6,"s:47:27:47:Infinity":6,"b:48:12:50:Infinity:undefined:undefined:undefined:undefined":7,"s:48:12:50:Infinity":7,"s:49:16:49:Infinity":8,"s:53:25:64:Infinity":9,"b:63:25:63:48:63:48:63:Infinity":8,"b:66:8:69:Infinity:undefined:undefined:undefined:undefined":9,"s:66:8:69:Infinity":10,"s:67:26:67:Infinity":11,"s:68:12:68:Infinity":12,"s:71:22:71:Infinity":13,"b:74:8:78:Infinity:undefined:undefined:undefined:undefined":10,"s:74:8:78:Infinity":14,"s:75:12:77:Infinity":15,"s:80:8:80:Infinity":16,"f:83:10:83:26":2,"s:88:28:88:Infinity":17,"b:89:8:89:Infinity:undefined:undefined:undefined:undefined":11,"s:89:8:89:Infinity":18,"s:89:26:89:Infinity":19,"b:90:8:90:Infinity:undefined:undefined:undefined:undefined":12,"s:90:8:90:Infinity":20,"s:90:33:90:Infinity":21,"b:91:8:91:Infinity:undefined:undefined:undefined:undefined":13,"s:91:8:91:Infinity":22,"s:91:28:91:Infinity":23,"s:93:22:93:Infinity":24,"s:94:25:94:Infinity":25,"b:94:41:94:55:94:55:94:57":14,"s:96:8:104:Infinity":26,"s:97:29:97:Infinity":27,"s:99:12:99:Infinity":28,"f:99:37:99:38":3,"s:99:51:99:67":29,"s:102:12:102:Infinity":30,"s:103:12:103:Infinity":31,"f:107:10:107:25":4,"s:108:8:113:Infinity":32,"s:109:29:109:Infinity":33,"s:110:12:110:Infinity":34,"s:112:12:112:Infinity":35,"f:116:10:116:Infinity":5,"s:120:8:134:Infinity":36,"s:122:12:122:Infinity":37,"s:123:12:123:Infinity":38,"s:125:29:129:Infinity":39,"s:131:12:131:Infinity":40,"s:133:12:133:Infinity":41,"f:137:12:137:19":6,"s:138:8:156:Infinity":42,"b:139:16:139:26:139:26:139:Infinity":15,"b:140:22:140:32:140:32:140:Infinity":16,"b:141:25:141:44:141:44:141:Infinity":17,"b:144:28:144:40:144:40:144:Infinity":18,"b:145:28:145:40:145:40:145:Infinity":19,"b:146:27:146:43:146:43:146:Infinity":20,"b:147:26:147:47:147:47:147:Infinity":21,"b:148:27:148:49:148:49:148:Infinity":22,"b:153:33:153:59:153:59:153:Infinity":23,"b:154:25:154:45:154:45:154:64:154:64:154:Infinity":24,"b:155:29:155:43:155:43:155:66:155:66:155:Infinity":25,"f:159:12:159:22":7,"s:160:65:169:Infinity":43,"s:170:8:170:Infinity":44,"b:170:15:170:51:170:51:170:Infinity":26}}}
}
